"../../../../../Documents/Unreal Projects/PetitContest12/PetitContest12/Content/Mannequin/Character/Mesh/UE4_Mannequin_Skeleton.uasset" 0
"../../../../../Documents/Unreal Projects/PetitContest12/PetitContest12/Content/Mannequin/Animations/ThirdPerson_Jump.uasset" 1
"../../../../../Documents/Unreal Projects/PetitContest12/PetitContest12/Content/Mannequin/Animations/ThirdPersonJump_Loop.uasset" 2
"../../../../../Documents/Unreal Projects/PetitContest12/PetitContest12/Content/Mannequin/Animations/ThirdPersonJump_Start.uasset" 3
"../../../../../Documents/Unreal Projects/PetitContest12/PetitContest12/Content/Mannequin/Animations/ThirdPersonIdle.uasset" 4
"../../../../../Documents/Unreal Projects/PetitContest12/PetitContest12/Content/Mannequin/Animations/ThirdPersonRun.uasset" 5
"../../../../../Documents/Unreal Projects/PetitContest12/PetitContest12/Content/Mannequin/Animations/ThirdPersonWalk.uasset" 6
"../../../../../Documents/Unreal Projects/PetitContest12/PetitContest12/Content/Mannequin/Animations/ThirdPerson_IdleRun_2D.uasset" 7
"../../../Engine/Content/EditorBlueprintResources/StandardMacros.uasset" 8
"../../../../../Documents/Unreal Projects/PetitContest12/PetitContest12/Content/Mannequin/Animations/ThirdPerson_AnimBP.uasset" 9
"../../../../../Documents/Unreal Projects/PetitContest12/PetitContest12/Content/My/Material/M_Green.uasset" 10
"../../../Engine/Content/Functions/Engine_MaterialFunctions02/Utility/BlendAngleCorrectedNormals.uasset" 11
"../../../Engine/Content/Functions/MaterialLayerFunctions/MatLayerBlend_NormalBlend.uasset" 12
"../../../Engine/Content/Functions/MaterialLayerFunctions/MatLayerBlend_Simple.uasset" 13
"../../../../../Documents/Unreal Projects/PetitContest12/PetitContest12/Content/Mannequin/Character/Materials/MaterialLayers/T_ML_Rubber_Blue_01_D.uasset" 14
"../../../../../Documents/Unreal Projects/PetitContest12/PetitContest12/Content/Mannequin/Character/Materials/MaterialLayers/T_ML_Rubber_Blue_01_N.uasset" 15
"../../../../../Documents/Unreal Projects/PetitContest12/PetitContest12/Content/Mannequin/Character/Materials/MaterialLayers/ML_GlossyBlack_Latex_UE4.uasset" 16
"../../../../../Documents/Unreal Projects/PetitContest12/PetitContest12/Content/Mannequin/Character/Materials/MaterialLayers/ML_Plastic_Shiny_Beige.uasset" 17
"../../../../../Documents/Unreal Projects/PetitContest12/PetitContest12/Content/Mannequin/Character/Textures/UE4_LOGO_CARD.uasset" 18
"../../../../../Documents/Unreal Projects/PetitContest12/PetitContest12/Content/Mannequin/Character/Materials/MaterialLayers/ML_Plastic_Shiny_Beige_LOGO.uasset" 19
"../../../../../Documents/Unreal Projects/PetitContest12/PetitContest12/Content/Mannequin/Character/Materials/MaterialLayers/T_ML_Aluminum01.uasset" 20
"../../../../../Documents/Unreal Projects/PetitContest12/PetitContest12/Content/Mannequin/Character/Materials/MaterialLayers/T_ML_Aluminum01_N.uasset" 21
"../../../../../Documents/Unreal Projects/PetitContest12/PetitContest12/Content/Mannequin/Character/Materials/MaterialLayers/ML_SoftMetal_UE4.uasset" 22
"../../../../../Documents/Unreal Projects/PetitContest12/PetitContest12/Content/Mannequin/Character/Textures/UE4_Mannequin__normals.uasset" 23
"../../../../../Documents/Unreal Projects/PetitContest12/PetitContest12/Content/Mannequin/Character/Textures/UE4_Mannequin_MAT_MASKA.uasset" 24
"../../../../../Documents/Unreal Projects/PetitContest12/PetitContest12/Content/Mannequin/Character/Materials/M_UE4Man_Body.uasset" 25
"../../../../../Documents/Unreal Projects/PetitContest12/PetitContest12/Content/Mannequin/Character/Textures/UE4Man_Logo_N.uasset" 26
"../../../../../Documents/Unreal Projects/PetitContest12/PetitContest12/Content/Mannequin/Character/Materials/M_UE4Man_ChestLogo.uasset" 27
"../../../../../Documents/Unreal Projects/PetitContest12/PetitContest12/Content/Mannequin/Character/Mesh/SK_Mannequin_PhysicsAsset.uasset" 28
"../../../../../Documents/Unreal Projects/PetitContest12/PetitContest12/Content/Mannequin/Character/Mesh/SK_Mannequin.uasset" 29
"../../../../../Documents/Unreal Projects/PetitContest12/PetitContest12/Content/My/BP/BP_GreenCharacter.uasset" 30
"../../../../../Documents/Unreal Projects/PetitContest12/PetitContest12/Content/My/Material/M_ClearGreen.uasset" 31
"../../../../../Documents/Unreal Projects/PetitContest12/PetitContest12/Content/ThirdPersonBP/Blueprints/ThirdPersonCharacter.uasset" 32
"../../../../../Documents/Unreal Projects/PetitContest12/PetitContest12/Content/ThirdPersonBP/Blueprints/ThirdPersonGameMode.uasset" 33
"../../../Engine/Content/Animation/DefaultAnimCurveCompressionSettings.uasset" 34
"../../../Engine/Content/Functions/Engine_MaterialFunctions01/Opacity/CameraDepthFade.uasset" 35
"../../../Engine/Content/EngineMaterials/T_Default_Material_Grid_M.uasset" 36
"../../../Engine/Content/EngineMaterials/T_Default_Material_Grid_N.uasset" 37
"../../../Engine/Content/EngineMaterials/WorldGridMaterial.uasset" 38
"../../../Engine/Content/ArtTools/RenderToTexture/Meshes/S_1_Unit_Plane.uasset" 39
"../../../Engine/Content/EngineMaterials/DefaultMaterial.uasset" 40
"../../../Engine/Content/BasicShapes/Cone.uasset" 41
"../../../Engine/Content/BasicShapes/Cube.uasset" 42
"../../../Engine/Content/BasicShapes/Cylinder.uasset" 43
"../../../Engine/Content/BasicShapes/Plane.uasset" 44
"../../../Engine/Content/BasicShapes/Sphere.uasset" 45
"../../../Engine/Content/EditorLandscapeResources/DataLayer.uasset" 46
"../../../Engine/Content/EditorLandscapeResources/DefaultAlphaTexture.uasset" 47
"../../../Engine/Content/EditorMaterials/GizmoMaterial.uasset" 48
"../../../Engine/Content/EditorMaterials/MAT_Groups_Toggle.uasset" 49
"../../../Engine/Content/EditorMaterials/MAT_Groups_Visibility.uasset" 50
"../../../Engine/Content/EditorMaterials/PreviewShadowIndicator.uasset" 51
"../../../Engine/Content/EditorMaterials/PreviewShadowIndicatorMaterial.uasset" 52
"../../../Engine/Content/EditorMaterials/MatineeGroups/MAT_ColorTrack.uasset" 53
"../../../Engine/Content/EditorMaterials/MatineeGroups/MAT_Groups_Anim.uasset" 54
"../../../Engine/Content/EditorMaterials/MatineeGroups/MAT_Groups_AudioMaster.uasset" 55
"../../../Engine/Content/EditorMaterials/MatineeGroups/MAT_Groups_Director.uasset" 56
"../../../Engine/Content/EditorMaterials/MatineeGroups/MAT_Groups_Event.uasset" 57
"../../../Engine/Content/EditorMaterials/MatineeGroups/MAT_Groups_Fade.uasset" 58
"../../../Engine/Content/EditorMaterials/MatineeGroups/MAT_Groups_Float.uasset" 59
"../../../Engine/Content/EditorMaterials/MatineeGroups/MAT_Groups_Move.uasset" 60
"../../../Engine/Content/EditorMaterials/MatineeGroups/MAT_Groups_Slomo.uasset" 61
"../../../Engine/Content/EditorMaterials/MatineeGroups/MAT_Groups_Sound.uasset" 62
"../../../Engine/Content/EditorMaterials/MatineeGroups/MAT_Groups_Vector.uasset" 63
"../../../Engine/Content/EditorMaterials/ParticleSystems/PSysThumbnail_NoImage.uasset" 64
"../../../Engine/Content/EditorMaterials/ParticleSystems/PSysThumbnail_OOD.uasset" 65
"../../../Engine/Content/EditorMaterials/Camera/CineMat.uasset" 66
"../../../Engine/Content/EditorMaterials/Camera/MI_CineMat_Rig.uasset" 67
"../../../Engine/Content/EditorMeshes/Camera/SM_CraneRig_Arm.uasset" 68
"../../../Engine/Content/EditorMeshes/Camera/SM_CraneRig_Base.uasset" 69
"../../../Engine/Content/EditorMeshes/Camera/SM_CraneRig_Body.uasset" 70
"../../../Engine/Content/EditorMeshes/Camera/SM_CraneRig_Mount.uasset" 71
"../../../Engine/Content/EditorMeshes/Camera/SM_RailRig_Mount.uasset" 72
"../../../Engine/Content/EditorMeshes/Camera/SM_RailRig_Track.uasset" 73
"../../../Engine/Content/EditorResources/BSPVertex.uasset" 74
"../../../Engine/Content/EditorResources/S_Actor.uasset" 75
"../../../Engine/Content/EditorResources/S_Note.uasset" 76
"../../../Engine/Content/EditorResources/S_Terrain.uasset" 77
"../../../Engine/Content/EditorResources/S_Trigger.uasset" 78
"../../../Engine/Content/EditorResources/SequenceRecorder/Countdown.uasset" 79
"../../../Engine/Content/EditorResources/SequenceRecorder/RecordingIndicator.uasset" 80
"../../../Engine/Content/EditorSounds/Notifications/CompileFailed.uasset" 81
"../../../Engine/Content/EditorSounds/Notifications/CompileFailed_Cue.uasset" 82
"../../../Engine/Content/EditorSounds/Notifications/CompileSuccess.uasset" 83
"../../../Engine/Content/EditorSounds/Notifications/CompileStart_Cue.uasset" 84
"../../../Engine/Content/EditorSounds/Notifications/CompileSuccess_Cue.uasset" 85
"../../../Engine/Content/EngineDamageTypes/DmgTypeBP_Environmental.uasset" 86
"../../../Engine/Content/EngineDebugMaterials/HeatmapGradient.uasset" 87
"../../../Engine/Content/EngineDebugMaterials/BoneWeightMaterial.uasset" 88
"../../../Engine/Content/EngineDebugMaterials/ClothMaterial.uasset" 89
"../../../Engine/Content/EngineDebugMaterials/ClothMaterial_WF.uasset" 90
"../../../Engine/Content/EngineDebugMaterials/DebugEditorMaterial.uasset" 91
"../../../Engine/Content/EngineDebugMaterials/DebugMeshMaterial.uasset" 92
"../../../Engine/Content/EngineDebugMaterials/GeomMaterial.uasset" 93
"../../../Engine/Content/EngineDebugMaterials/M_SimpleTranslucent.uasset" 94
"../../../Engine/Content/EngineFonts/Faces/RobotoBold.uasset" 95
"../../../Engine/Content/EngineFonts/Faces/RobotoBoldItalic.uasset" 96
"../../../Engine/Content/EngineFonts/Faces/RobotoItalic.uasset" 97
"../../../Engine/Content/EngineFonts/Faces/RobotoLight.uasset" 98
"../../../Engine/Content/EngineFonts/Faces/RobotoRegular.uasset" 99
"../../../Engine/Content/EngineFonts/Roboto.uasset" 100
"../../../Engine/Content/EngineFonts/Faces/RobotoTiny.uasset" 101
"../../../Engine/Content/EngineFonts/RobotoTiny.uasset" 102
"../../../Engine/Content/EngineMaterials/BaseFlattenDiffuseMap.uasset" 103
"../../../Engine/Content/EngineMaterials/BaseFlattenEmissiveMap.uasset" 104
"../../../Engine/Content/EngineMaterials/BaseFlattenGrayscaleMap.uasset" 105
"../../../Engine/Content/EngineMaterials/BaseFlattenNormalMap.uasset" 106
"../../../Engine/Content/EngineMaterials/BaseFlattenMaterial.uasset" 107
"../../../Engine/Content/EngineMaterials/DefaultBloomKernel.uasset" 108
"../../../Engine/Content/EngineMaterials/DefaultBokeh.uasset" 109
"../../../Engine/Content/EngineMaterials/DefaultDiffuse.uasset" 110
"../../../Engine/Content/EngineMaterials/DefaultDeferredDecalMaterial.uasset" 111
"../../../Engine/Content/EngineMaterials/DefaultLightFunctionMaterial.uasset" 112
"../../../Engine/Content/EngineMaterials/DefaultPhysicalMaterial.uasset" 113
"../../../Engine/Content/Functions/Engine_MaterialFunctions02/Utility/BreakOutFloat2Components.uasset" 114
"../../../Engine/Content/EngineMaterials/DefaultPostProcessMaterial.uasset" 115
"../../../Engine/Content/EngineFonts/RobotoDistanceField.uasset" 116
"../../../Engine/Content/EngineMaterials/DefaultTextMaterialOpaque.uasset" 117
"../../../Engine/Content/EngineMaterials/DefaultWhiteGrid.uasset" 118
"../../../Engine/Content/EngineMaterials/EditorBrushMaterial.uasset" 119
"../../../Engine/Content/EngineMaterials/Good64x64TilingNoiseHighFreq.uasset" 120
"../../../Engine/Content/EngineMaterials/MiniFont.uasset" 121
"../../../Engine/Content/EngineMaterials/InvalidLightmapSettings.uasset" 122
"../../../Engine/Content/EngineMaterials/M_InvalidLightmapSettings.uasset" 123
"../../../Engine/Content/Functions/Engine_MaterialFunctions02/WorldPositionOffset/CameraOffset.uasset" 124
"../../../Engine/Content/EngineMaterials/PhAT_JointLimitMaterial.uasset" 125
"../../../Engine/Content/EngineMaterials/PreintegratedSkinBRDF.uasset" 126
"../../../Engine/Content/EngineMaterials/RemoveSurfaceMaterial.uasset" 127
"../../../Engine/Content/EngineMaterials/WeightMapPlaceholderTexture.uasset" 128
"../../../Engine/Content/EngineResources/WhiteSquareTexture.uasset" 129
"../../../Engine/Content/EngineMaterials/Widget3DPassThrough.uasset" 130
"../../../Engine/Content/EngineMaterials/Widget3DPassThrough_Masked.uasset" 131
"../../../Engine/Content/EngineMaterials/Widget3DPassThrough_Opaque.uasset" 132
"../../../Engine/Content/EngineMaterials/Widget3DPassThrough_Masked_OneSided.uasset" 133
"../../../Engine/Content/EngineMaterials/Widget3DPassThrough_Opaque_OneSided.uasset" 134
"../../../Engine/Content/EngineMaterials/Widget3DPassThrough_Translucent.uasset" 135
"../../../Engine/Content/EngineMaterials/Widget3DPassThrough_Translucent_OneSided.uasset" 136
"../../../Engine/Content/EngineMeshes/Cylinder.uasset" 137
"../../../Engine/Content/EngineMeshes/Sphere.uasset" 138
"../../../Engine/Content/EngineResources/Black.uasset" 139
"../../../Engine/Content/EngineResources/DefaultTexture.uasset" 140
"../../../Engine/Content/EngineResources/DefaultTextureCube.uasset" 141
"../../../Engine/Content/EngineResources/DefaultVolumeTexture2D.uasset" 142
"../../../Engine/Content/EngineResources/DefaultVolumeTexture.uasset" 143
"../../../Engine/Content/EngineResources/GradientTexture0.uasset" 144
"../../../Engine/Content/EngineSounds/Master.uasset" 145
"../../../Engine/Content/Functions/Engine_MaterialFunctions01/Shading/ConvertFromDiffSpec.uasset" 146
"../../../Engine/Content/Functions/Engine_MaterialFunctions01/Shading/PowerToRoughness.uasset" 147
"../../../Engine/Content/Maps/Templates/Thumbnails/Default.uasset" 148
"../../../Engine/Content/Maps/Templates/Thumbnails/VR-Basic.uasset" 149
"../../../Engine/Content/MobileResources/T_MobileControls_texture.uasset" 150
"../../../Engine/Content/MobileResources/T_MobileMenu2.uasset" 151
"../../../Engine/Content/MobileResources/HUD/AnalogHat.uasset" 152
"../../../Engine/Content/MobileResources/HUD/VirtualJoystick_Background.uasset" 153
"../../../Engine/Content/MobileResources/HUD/VirtualJoystick_Thumb.uasset" 154
"../../../Engine/Content/MobileResources/HUD/DefaultVirtualJoysticks.uasset" 155
"../../../Engine/Content/MobileResources/HUD/LeftVirtualJoystickOnly.uasset" 156
"../../../Engine/Content/MobileResources/HUD/MobileHUDButton1_off.uasset" 157
"../../../Engine/Content/MobileResources/HUD/MobileHUDButton1_on.uasset" 158
"../../../Engine/Content/MobileResources/HUD/MobileHUDButton2_off.uasset" 159
"../../../Engine/Content/MobileResources/HUD/MobileHUDButton2_on.uasset" 160
"../../../Engine/Content/MobileResources/HUD/MobileHUDButton3.uasset" 161
"../../../Engine/Content/MobileResources/HUD/MobileHUDButtonFire.uasset" 162
"../../../Engine/Content/MobileResources/HUD/MobileHUDDirectionPad.uasset" 163
"../../../Engine/Content/MobileResources/HUD/MobileHUDDirectionPad2.uasset" 164
"../../../Engine/Content/MobileResources/HUD/MobileHUDDirectionPad3.uasset" 165
"../../../Engine/Content/MobileResources/HUD/MobileHUDDirectionStick.uasset" 166
"../../../Engine/Content/MobileResources/HUD/T_Castle_ThumbstickInner.uasset" 167
"../../../Engine/Content/MobileResources/HUD/T_Castle_ThumbstickOutter.uasset" 168
"../../../Engine/Content/Tutorial/ContentIntroCurve.uasset" 169
"../../../Engine/Content/Tutorial/Basics/LevelEditorAttract.uasset" 170
"../../../Engine/Content/Tutorial/Basics/TutorialAssets/icon_tab_Levels_40x.uasset" 171
"../../../Engine/Content/Tutorial/Basics/LevelEditorOverview.uasset" 172
"../../../Engine/Content/Tutorial/SubEditors/GettingSubstance.uasset" 173
"../../../Engine/Content/VREditor/LaserPointer/VR_LaserPower_01.uasset" 174
"../../../Engine/Content/VREditor/TransformGizmo/TransformGizmoMaterial.uasset" 175
"../../../Engine/Content/VREditor/TransformGizmo/TranslucentTransformGizmoMaterial.uasset" 176
"../../../Engine/Content/VREditor/TransformGizmo/BoundingBoxCorner.uasset" 177
"../../../Engine/Content/VREditor/TransformGizmo/BoundingBoxEdge.uasset" 178
"../../../Engine/Content/VREditor/TransformGizmo/PlaneTranslationHandle.uasset" 179
"../../../Engine/Content/VREditor/TransformGizmo/Main.uasset" 180
"../../../Engine/Content/VREditor/TransformGizmo/Xray.uasset" 181
"../../../Engine/Content/VREditor/TransformGizmo/SM_Sequencer_Key.uasset" 182
"../../../Engine/Content/VREditor/TransformGizmo/SM_Sequencer_Node.uasset" 183
"../../Plugins/2D/Paper2D/Content/PlaceholderTextures/DummySpriteTexture.uasset" 184
"../../Plugins/2D/Paper2D/Content/DummySprite.uasset" 185
"../../Plugins/2D/Paper2D/Content/DefaultPaperTerrainMaterial.uasset" 186
"../../Plugins/2D/Paper2D/Content/DummySpriteTexture.uasset" 187
"../../Plugins/2D/Paper2D/Content/DefaultSpriteMaterial.uasset" 188
"../../Plugins/2D/Paper2D/Content/MaskedUnlitSpriteMaterial.uasset" 189
"../../Plugins/2D/Paper2D/Content/OpaqueUnlitSpriteMaterial.uasset" 190
"../../../Engine/Content/Functions/Engine_MaterialFunctions01/Texturing/FlattenNormal.uasset" 191
"../../../Engine/Content/EngineMaterials/FlatNormal.uasset" 192
"../../Plugins/Enterprise/DatasmithContent/Content/Materials/CE_BaseMaster.uasset" 193
"../../Plugins/Enterprise/DatasmithContent/Content/Materials/CE_OpacityMaster.uasset" 194
"../../Plugins/Enterprise/DatasmithContent/Content/Materials/CE_OpacitySimpleMaster.uasset" 195
"../../Plugins/Enterprise/DatasmithContent/Content/Materials/CE_OpaqueMaster.uasset" 196
"../../../Engine/Content/Functions/Engine_MaterialFunctions01/Texturing/ComputeMipLevel.uasset" 197
"../../../Engine/Content/Functions/Engine_MaterialFunctions01/Texturing/TextureCropping.uasset" 198
"../../../Engine/Content/Functions/Engine_MaterialFunctions02/Utility/BreakOutFloat3Components.uasset" 199
"../../../Engine/Content/Functions/Engine_MaterialFunctions02/ExampleContent/DebugNumberStrip.uasset" 200
"../../../Engine/Content/Functions/Engine_MaterialFunctions02/ExampleContent/Textures/DebugNumberPeriod.uasset" 201
"../../../Engine/Content/Functions/Engine_MaterialFunctions02/Utility/DebugScalarValues.uasset" 202
"../../../Engine/Content/Functions/Engine_MaterialFunctions02/Utility/DebugFloat3Values.uasset" 203
"../../../Engine/Content/Functions/Engine_MaterialFunctions02/Utility/MakeFloat3.uasset" 204
"../../../Engine/Content/Functions/Engine_MaterialFunctions02/Math/RGBtoHSV.uasset" 205
"../../Plugins/Enterprise/DatasmithContent/Content/Materials/Datasmith_Color.uasset" 206
"../../../Engine/Content/Functions/Engine_MaterialFunctions02/ExampleContent/Textures/flipbook.uasset" 207
"../../Plugins/Enterprise/DatasmithContent/Content/Materials/ExtractColor.uasset" 208
"../../Plugins/Enterprise/DatasmithContent/Content/Materials/TileMirrorAxis.uasset" 209
"../../../Engine/Content/Functions/Engine_MaterialFunctions02/Texturing/CustomRotator.uasset" 210
"../../Plugins/Enterprise/DatasmithContent/Content/Materials/UVEdit.uasset" 211
"../../Plugins/Enterprise/DatasmithContent/Content/Materials/Datasmith_Material.uasset" 212
"../../../Engine/Content/Functions/Engine_MaterialFunctions03/Procedurals/NormalFromHeightmap.uasset" 213
"../../../Engine/Content/ArtTools/RenderToTexture/Textures/127grey.uasset" 214
"../../Plugins/Enterprise/DatasmithContent/Content/Materials/RevitMaster.uasset" 215
"../../Plugins/Enterprise/DatasmithContent/Content/Materials/SketchUpMaster.uasset" 216
"../../Plugins/Enterprise/DatasmithContent/Content/Materials/FBXImporter/DeltaGenUVEdit.uasset" 217
"../../Plugins/Enterprise/DatasmithContent/Content/Materials/FBXImporter/DeltaGenBase.uasset" 218
"../../../Engine/Content/EngineMaterials/T_Default_Normal.uasset" 219
"../../Plugins/Enterprise/DatasmithContent/Content/Materials/FBXImporter/DeltaGenMaster.uasset" 220
"../../Plugins/Enterprise/DatasmithContent/Content/Materials/FBXImporter/DeltaGenMasterTransparent.uasset" 221
"../../Plugins/Enterprise/DatasmithContent/Content/Materials/FBXImporter/VRED/VREDRepeatMode.uasset" 222
"../../../Engine/Content/Functions/Engine_MaterialFunctions02/WorldPositionOffset/LocalPosition.uasset" 223
"../../Plugins/Enterprise/DatasmithContent/Content/Materials/FBXImporter/VRED/PlanarMapping.uasset" 224
"../../Plugins/Enterprise/DatasmithContent/Content/Materials/FBXImporter/VRED/ProcessNormal.uasset" 225
"../../../Engine/Content/Functions/Engine_MaterialFunctions02/Utility/MakeFloat2.uasset" 226
"../../../Engine/Content/Functions/Engine_MaterialFunctions02/Utility/VectorLength.uasset" 227
"../../../Engine/Content/Functions/Engine_MaterialFunctions02/WorldPositionOffset/ObjectScale.uasset" 228
"../../Plugins/Enterprise/DatasmithContent/Content/Materials/FBXImporter/VRED/TriplanarMapping.uasset" 229
"../../Plugins/Enterprise/DatasmithContent/Content/Materials/FBXImporter/VRED/UVMapping.uasset" 230
"../../Plugins/Enterprise/DatasmithContent/Content/Materials/FBXImporter/VRED/VREDTextureRead.uasset" 231
"../../../Engine/Content/Functions/Engine_MaterialFunctions01/Texturing/BakedDisplacement.uasset" 232
"../../../Engine/Content/Functions/Engine_MaterialFunctions02/Fresnel_Function.uasset" 233
"../../Plugins/Enterprise/DatasmithContent/Content/Materials/FBXImporter/VRED/Glass.uasset" 234
"../../Plugins/Enterprise/DatasmithContent/Content/Materials/FBXImporter/VRED/Phong.uasset" 235
"../../Plugins/Enterprise/DatasmithContent/Content/Materials/FBXImporter/VRED/Plastic.uasset" 236
"../../../Engine/Content/EngineSky/C_Sky_Cloud_Color.uasset" 237
"../../../Engine/Content/EngineSky/C_Sky_Horizon_Color.uasset" 238
"../../../Engine/Content/EngineSky/C_Sky_Zenith_Color.uasset" 239
"../../../Engine/Content/EngineSky/T_Sky_Blue.uasset" 240
"../../../Engine/Content/EngineSky/T_Sky_Clouds_M.uasset" 241
"../../../Engine/Content/EngineSky/T_Sky_Stars.uasset" 242
"../../../Engine/Content/EngineSky/M_Sky_Panning_Clouds2.uasset" 243
"../../../Engine/Content/EngineSky/SM_SkySphere.uasset" 244
"../../../Engine/Content/EngineSky/BP_Sky_Sphere.uasset" 245
"../../../../../Documents/Unreal Projects/PetitContest12/PetitContest12/Content/ThirdPersonBP/Maps/ThirdPersonExampleMap_BuiltData.uasset" 246
"../../../../../Documents/Unreal Projects/PetitContest12/PetitContest12/Content/Geometry/Meshes/CubeMaterial.uasset" 247
"../../../../../Documents/Unreal Projects/PetitContest12/PetitContest12/Content/Geometry/Meshes/1M_Cube.uasset" 248
"../../../../../Documents/Unreal Projects/PetitContest12/PetitContest12/Content/Geometry/Meshes/TemplateFloor.uasset" 249
"../../../../../Documents/Unreal Projects/PetitContest12/PetitContest12/Content/ThirdPersonBP/Maps/ThirdPersonExampleMap.umap" 250
"../../../Engine/Content/Maps/Entry_BuiltData.uasset" 251
"../../../Engine/Content/Maps/Entry.umap" 252
