Log file open, 09/06/19 00:17:11
LogWindows: Failed to load 'aqProf.dll' (GetLastError=126)
LogWindows: File 'aqProf.dll' does not exist
LogWindows: Failed to load 'VtuneApi.dll' (GetLastError=126)
LogWindows: File 'VtuneApi.dll' does not exist
LogWindows: Failed to load 'VtuneApi32e.dll' (GetLastError=126)
LogWindows: File 'VtuneApi32e.dll' does not exist
LogConsoleResponse: Display: Failed to find resolution value strings in scalability ini. Falling back to default.
LogInit: Display: Running engine for game: PetitContest12
LogPakFile: Registered encryption key '00000000000000000000000000000000': 0 pak files mounted, 0 remain pending
LogPlatformFile: Not using cached read wrapper
LogTaskGraph: Started task graph with 5 named threads and 14 total threads with 3 sets of task threads.
LogStats: Stats thread started at 0.386931
LogD3D11RHI: Loaded GFSDK_Aftermath_Lib.x64.dll
LogICUInternationalization: ICU TimeZone Detection - Raw Offset: +9:00, Platform Override: ''
LogPluginManager: Mounting plugin Paper2D
LogPluginManager: Mounting plugin AISupport
LogPluginManager: Mounting plugin LightPropagationVolume
LogPluginManager: Mounting plugin ActorLayerUtilities
LogPluginManager: Mounting plugin AnimationSharing
LogPluginManager: Mounting plugin CLionSourceCodeAccess
LogPluginManager: Mounting plugin CodeLiteSourceCodeAccess
LogPluginManager: Mounting plugin GitSourceControl
LogPluginManager: Mounting plugin KDevelopSourceCodeAccess
LogPluginManager: Mounting plugin NullSourceCodeAccess
LogPluginManager: Mounting plugin PerforceSourceControl
LogPluginManager: Mounting plugin SubversionSourceControl
LogPluginManager: Mounting plugin UObjectPlugin
LogPluginManager: Mounting plugin VisualStudioCodeSourceCodeAccess
LogPluginManager: Mounting plugin VisualStudioSourceCodeAccess
LogPluginManager: Mounting plugin XCodeSourceCodeAccess
LogPluginManager: Mounting plugin AssetManagerEditor
LogPluginManager: Mounting plugin CryptoKeys
LogPluginManager: Mounting plugin DataValidation
LogPluginManager: Mounting plugin EditorScriptingUtilities
LogPluginManager: Mounting plugin FacialAnimation
LogPluginManager: Mounting plugin GameplayTagsEditor
LogPluginManager: Mounting plugin GLTFImporter
LogPluginManager: Mounting plugin MacGraphicsSwitching
LogPluginManager: Mounting plugin MaterialAnalyzer
LogPluginManager: Mounting plugin MeshEditor
LogPluginManager: Mounting plugin MobileLauncherProfileWizard
LogPluginManager: Mounting plugin PluginBrowser
LogPluginManager: Mounting plugin SpeedTreeImporter
LogPluginManager: Mounting plugin DatasmithContent
LogPluginManager: Mounting plugin VariantManagerContent
LogPluginManager: Mounting plugin AlembicImporter
LogPluginManager: Mounting plugin AppleImageUtils
LogPluginManager: Mounting plugin AppleVision
LogPluginManager: Mounting plugin BackChannel
LogPluginManager: Mounting plugin BlastPlugin
LogPluginManager: Mounting plugin ChaosSolverPlugin
LogPluginManager: Mounting plugin CharacterAI
LogPluginManager: Mounting plugin GeometryCache
LogPluginManager: Mounting plugin GeometryCollectionPlugin
LogPluginManager: Mounting plugin HTML5Networking
LogPluginManager: Mounting plugin ProxyLODPlugin
LogPluginManager: Mounting plugin SkeletalReduction
LogPluginManager: Mounting plugin MagicLeap
LogPluginManager: Mounting plugin MagicLeapMedia
LogPluginManager: Mounting plugin AndroidMedia
LogPluginManager: Mounting plugin AvfMedia
LogPluginManager: Mounting plugin ImgMedia
LogPluginManager: Mounting plugin LinearTimecode
LogPluginManager: Mounting plugin MediaCompositing
LogPluginManager: Mounting plugin MediaPlayerEditor
LogPluginManager: Mounting plugin WebMMedia
LogPluginManager: Mounting plugin WmfMedia
LogPluginManager: Mounting plugin TcpMessaging
LogPluginManager: Mounting plugin UdpMessaging
LogPluginManager: Mounting plugin ActorSequence
LogPluginManager: Mounting plugin LevelSequenceEditor
LogPluginManager: Mounting plugin MatineeToLevelSequence
LogPluginManager: Mounting plugin NetcodeUnitTest
LogPluginManager: Mounting plugin NUTUnrealEngine4
LogPluginManager: Mounting plugin OnlineSubsystemGooglePlay
LogPluginManager: Mounting plugin OnlineSubsystemIOS
LogPluginManager: Mounting plugin OnlineSubsystem
LogPluginManager: Mounting plugin OnlineSubsystemNull
LogPluginManager: Mounting plugin OnlineSubsystemUtils
LogPluginManager: Mounting plugin LauncherChunkInstaller
LogPluginManager: Mounting plugin AndroidDeviceProfileSelector
LogPluginManager: Mounting plugin AndroidMoviePlayer
LogPluginManager: Mounting plugin AndroidPermission
LogPluginManager: Mounting plugin AppleMoviePlayer
LogPluginManager: Mounting plugin ArchVisCharacter
LogPluginManager: Mounting plugin AudioCapture
LogPluginManager: Mounting plugin CableComponent
LogPluginManager: Mounting plugin CustomMeshComponent
LogPluginManager: Mounting plugin EditableMesh
LogPluginManager: Mounting plugin ExampleDeviceProfileSelector
LogPluginManager: Mounting plugin Firebase
LogPluginManager: Mounting plugin GoogleCloudMessaging
LogPluginManager: Mounting plugin IOSDeviceProfileSelector
LogPluginManager: Mounting plugin LinuxDeviceProfileSelector
LogPluginManager: Mounting plugin LocationServicesBPLibrary
LogPluginManager: Mounting plugin MobilePatchingUtils
LogPluginManager: Mounting plugin PhysXVehicles
LogPluginManager: Mounting plugin ProceduralMeshComponent
LogPluginManager: Mounting plugin RuntimePhysXCooking
LogPluginManager: Mounting plugin SignificanceManager
LogPluginManager: Mounting plugin WebMMoviePlayer
LogPluginManager: Mounting plugin WindowsMoviePlayer
LogPluginManager: Mounting plugin DatasmithCADImporter
LogPluginManager: Mounting plugin DatasmithDataPrepEditor
LogPluginManager: Mounting plugin DatasmithFBXImporter
LogPluginManager: Mounting plugin DatasmithGLTFImporter
LogPluginManager: Mounting plugin DatasmithImporter
LogPluginManager: Mounting plugin MDLImporter
LogPluginManager: Mounting plugin StaticMeshEditorExtension
LogPluginManager: Mounting plugin VariantManager
LogInit: Using libcurl 7.55.1-DEV
LogInit:  - built for x86_64-pc-win32
LogInit:  - supports SSL with OpenSSL/1.1.1
LogInit:  - supports HTTP deflate (compression) using libz 1.2.8
LogInit:  - other features:
LogInit:      CURL_VERSION_SSL
LogInit:      CURL_VERSION_LIBZ
LogInit:      CURL_VERSION_IPV6
LogInit:      CURL_VERSION_ASYNCHDNS
LogInit:      CURL_VERSION_LARGEFILE
LogInit:      CURL_VERSION_IDN
LogInit:  CurlRequestOptions (configurable via config and command line):
LogInit:  - bVerifyPeer = true  - Libcurl will verify peer certificate
LogInit:  - bUseHttpProxy = false  - Libcurl will NOT use HTTP proxy
LogInit:  - bDontReuseConnections = false  - Libcurl will reuse connections
LogInit:  - MaxHostConnections = 16  - Libcurl will limit the number of connections to a host
LogInit:  - LocalHostAddr = Default
LogInit:  - BufferSize = 65536
LogInit: WinSock: version 1.1 (2.2), MaxSocks=32767, MaxUdp=65467
LogInit: Build: ++UE4+Release-4.22-CL-7053642
LogInit: Engine Version: 4.22.3-7053642+++UE4+Release-4.22
LogInit: Compatible Engine Version: 4.22.0-5660361+++UE4+Release-4.22
LogInit: Net CL: 5660361
LogInit: OS: Windows 10 (Release 1809) (), CPU: Intel(R) Core(TM) i5-6500 CPU @ 3.20GHz, GPU: NVIDIA GeForce GTX 1060 3GB
LogInit: Compiled (64-bit): Jun 18 2019 03:09:11
LogInit: Compiled with Visual C++: 19.16.27025.01
LogInit: Build Configuration: Development
LogInit: Branch Name: ++UE4+Release-4.22
LogInit: Command Line: 
LogInit: Base Directory: E:/Epic Games/UE_4.22/Engine/Binaries/Win64/
LogInit: Installed Engine Build: 1
LogDevObjectVersion: Number of dev versions registered: 23
LogDevObjectVersion:   Dev-Blueprints (B0D832E4-1F89-4F0D-ACCF-7EB736FD4AA2): 10
LogDevObjectVersion:   Dev-Build (E1C64328-A22C-4D53-A36C-8E866417BD8C): 0
LogDevObjectVersion:   Dev-Core (375EC13C-06E4-48FB-B500-84F0262A717E): 3
LogDevObjectVersion:   Dev-Editor (E4B068ED-F494-42E9-A231-DA0B2E46BB41): 30
LogDevObjectVersion:   Dev-Framework (CFFC743F-43B0-4480-9391-14DF171D2073): 35
LogDevObjectVersion:   Dev-Mobile (B02B49B5-BB20-44E9-A304-32B752E40360): 2
LogDevObjectVersion:   Dev-Networking (A4E4105C-59A1-49B5-A7C5-40C4547EDFEE): 0
LogDevObjectVersion:   Dev-Online (39C831C9-5AE6-47DC-9A44-9C173E1C8E7C): 0
LogDevObjectVersion:   Dev-Physics (78F01B33-EBEA-4F98-B9B4-84EACCB95AA2): 0
LogDevObjectVersion:   Dev-Platform (6631380F-2D4D-43E0-8009-CF276956A95A): 0
LogDevObjectVersion:   Dev-Rendering (12F88B9F-8875-4AFC-A67C-D90C383ABD29): 28
LogDevObjectVersion:   Dev-Sequencer (7B5AE74C-D270-4C10-A958-57980B212A5A): 11
LogDevObjectVersion:   Dev-VR (D7296918-1DD6-4BDD-9DE2-64A83CC13884): 2
LogDevObjectVersion:   Dev-LoadTimes (C2A15278-BFE7-4AFE-6C17-90FF531DF755): 1
LogDevObjectVersion:   Private-Geometry (6EACA3D4-40EC-4CC1-B786-8BED09428FC5): 3
LogDevObjectVersion:   Dev-AnimPhys (29E575DD-E0A3-4627-9D10-D276232CDCEA): 17
LogDevObjectVersion:   Dev-Anim (AF43A65D-7FD3-4947-9873-3E8ED9C1BB05): 2
LogDevObjectVersion:   Dev-ReflectionCapture (6B266CEC-1EC7-4B8F-A30B-E4D90942FC07): 1
LogDevObjectVersion:   Dev-Automation (0DF73D61-A23F-47EA-B727-89E90C41499A): 1
LogDevObjectVersion:   FortniteMain (601D1886-AC64-4F84-AA16-D3DE0DEAC7D6): 25
LogDevObjectVersion:   Dev-Enterprise (9DFFBCD6-494F-0158-E221-12823C92A888): 6
LogDevObjectVersion:   Dev-Niagara (F2AED0AC-9AFE-416F-8664-AA7FFA26D6FC): 1
LogDevObjectVersion:   Dev-Destruction (174F1F0B-B4C6-45A5-B13F-2EE8D0FB917D): 2
LogInit: Presizing for max 16777216 objects, including 0 objects not considered by GC, pre-allocating 0 bytes for permanent pool.
LogInit: Object subsystem initialized
LogConfig: Setting CVar [[con.DebugEarlyDefault:1]]
LogConfig: Setting CVar [[r.setres:1280x720]]
[2019.09.05-15.17.12:740][  0]LogConfig: Setting CVar [[r.VSync:0]]
[2019.09.05-15.17.12:740][  0]LogConfig: Setting CVar [[r.RHICmdBypass:0]]
[2019.09.05-15.17.12:740][  0]LogConfig: Applying CVar settings from Section [/Script/Engine.RendererSettings] File [E:/Documents/Unreal Projects/PetitContest12/PetitContest12/Saved/Config/Windows/Engine.ini]
[2019.09.05-15.17.12:740][  0]LogConfig: Setting CVar [[r.GPUCrashDebugging:0]]
[2019.09.05-15.17.12:740][  0]LogConfig: Applying CVar settings from Section [/Script/Engine.RendererOverrideSettings] File [E:/Documents/Unreal Projects/PetitContest12/PetitContest12/Saved/Config/Windows/Engine.ini]
[2019.09.05-15.17.12:740][  0]LogConfig: Applying CVar settings from Section [/Script/Engine.StreamingSettings] File [E:/Documents/Unreal Projects/PetitContest12/PetitContest12/Saved/Config/Windows/Engine.ini]
[2019.09.05-15.17.12:740][  0]LogConfig: Setting CVar [[s.MinBulkDataSizeForAsyncLoading:131072]]
[2019.09.05-15.17.12:740][  0]LogConfig: Setting CVar [[s.AsyncLoadingThreadEnabled:0]]
[2019.09.05-15.17.12:740][  0]LogConfig: Setting CVar [[s.EventDrivenLoaderEnabled:1]]
[2019.09.05-15.17.12:740][  0]LogConfig: Setting CVar [[s.WarnIfTimeLimitExceeded:0]]
[2019.09.05-15.17.12:740][  0]LogConfig: Setting CVar [[s.TimeLimitExceededMultiplier:1.5]]
[2019.09.05-15.17.12:740][  0]LogConfig: Setting CVar [[s.TimeLimitExceededMinTime:0.005]]
[2019.09.05-15.17.12:740][  0]LogConfig: Setting CVar [[s.UseBackgroundLevelStreaming:1]]
[2019.09.05-15.17.12:740][  0]LogConfig: Setting CVar [[s.PriorityAsyncLoadingExtraTime:15.0]]
[2019.09.05-15.17.12:740][  0]LogConfig: Setting CVar [[s.LevelStreamingActorsUpdateTimeLimit:5.0]]
[2019.09.05-15.17.12:740][  0]LogConfig: Setting CVar [[s.PriorityLevelStreamingActorsUpdateExtraTime:5.0]]
[2019.09.05-15.17.12:740][  0]LogConfig: Setting CVar [[s.LevelStreamingComponentsRegistrationGranularity:10]]
[2019.09.05-15.17.12:740][  0]LogConfig: Setting CVar [[s.UnregisterComponentsTimeLimit:1.0]]
[2019.09.05-15.17.12:740][  0]LogConfig: Setting CVar [[s.LevelStreamingComponentsUnregistrationGranularity:5]]
[2019.09.05-15.17.12:740][  0]LogConfig: Applying CVar settings from Section [/Script/Engine.GarbageCollectionSettings] File [E:/Documents/Unreal Projects/PetitContest12/PetitContest12/Saved/Config/Windows/Engine.ini]
[2019.09.05-15.17.12:740][  0]LogConfig: Setting CVar [[gc.MaxObjectsNotConsideredByGC:1]]
[2019.09.05-15.17.12:740][  0]LogConfig: Setting CVar [[gc.SizeOfPermanentObjectPool:0]]
[2019.09.05-15.17.12:740][  0]LogConfig: Setting CVar [[gc.FlushStreamingOnGC:0]]
[2019.09.05-15.17.12:740][  0]LogConfig: Setting CVar [[gc.NumRetriesBeforeForcingGC:10]]
[2019.09.05-15.17.12:740][  0]LogConfig: Setting CVar [[gc.AllowParallelGC:1]]
[2019.09.05-15.17.12:740][  0]LogConfig: Setting CVar [[gc.TimeBetweenPurgingPendingKillObjects:61.1]]
[2019.09.05-15.17.12:740][  0]LogConfig: Setting CVar [[gc.MaxObjectsInEditor:16777216]]
[2019.09.05-15.17.12:740][  0]LogConfig: Setting CVar [[gc.IncrementalBeginDestroyEnabled:1]]
[2019.09.05-15.17.12:740][  0]LogConfig: Setting CVar [[gc.CreateGCClusters:1]]
[2019.09.05-15.17.12:740][  0]LogConfig: Setting CVar [[gc.MinGCClusterSize:5]]
[2019.09.05-15.17.12:740][  0]LogConfig: Setting CVar [[gc.ActorClusteringEnabled:0]]
[2019.09.05-15.17.12:740][  0]LogConfig: Setting CVar [[gc.BlueprintClusteringEnabled:0]]
[2019.09.05-15.17.12:740][  0]LogConfig: Setting CVar [[gc.UseDisregardForGCOnDedicatedServers:0]]
[2019.09.05-15.17.12:740][  0]LogConfig: Applying CVar settings from Section [/Script/Engine.NetworkSettings] File [E:/Documents/Unreal Projects/PetitContest12/PetitContest12/Saved/Config/Windows/Engine.ini]
[2019.09.05-15.17.12:740][  0]LogConfig: Applying CVar settings from Section [/Script/UnrealEd.CookerSettings] File [E:/Documents/Unreal Projects/PetitContest12/PetitContest12/Saved/Config/Windows/Engine.ini]
[2019.09.05-15.17.12:743][  0]LogConfig: Applying CVar settings from Section [ViewDistanceQuality@3] File [E:/Documents/Unreal Projects/PetitContest12/PetitContest12/Saved/Config/Windows/Scalability.ini]
[2019.09.05-15.17.12:743][  0]LogConfig: Setting CVar [[r.SkeletalMeshLODBias:0]]
[2019.09.05-15.17.12:743][  0]LogConfig: Setting CVar [[r.ViewDistanceScale:1.0]]
[2019.09.05-15.17.12:743][  0]LogConfig: Applying CVar settings from Section [AntiAliasingQuality@3] File [E:/Documents/Unreal Projects/PetitContest12/PetitContest12/Saved/Config/Windows/Scalability.ini]
[2019.09.05-15.17.12:743][  0]LogConfig: Setting CVar [[r.PostProcessAAQuality:4]]
[2019.09.05-15.17.12:743][  0]LogConfig: Applying CVar settings from Section [ShadowQuality@3] File [E:/Documents/Unreal Projects/PetitContest12/PetitContest12/Saved/Config/Windows/Scalability.ini]
[2019.09.05-15.17.12:743][  0]LogConfig: Setting CVar [[r.LightFunctionQuality:1]]
[2019.09.05-15.17.12:743][  0]LogConfig: Setting CVar [[r.ShadowQuality:5]]
[2019.09.05-15.17.12:743][  0]LogConfig: Setting CVar [[r.Shadow.CSM.MaxCascades:10]]
[2019.09.05-15.17.12:743][  0]LogConfig: Setting CVar [[r.Shadow.MaxResolution:2048]]
[2019.09.05-15.17.12:743][  0]LogConfig: Setting CVar [[r.Shadow.MaxCSMResolution:2048]]
[2019.09.05-15.17.12:743][  0]LogConfig: Setting CVar [[r.Shadow.RadiusThreshold:0.01]]
[2019.09.05-15.17.12:743][  0]LogConfig: Setting CVar [[r.Shadow.DistanceScale:1.0]]
[2019.09.05-15.17.12:743][  0]LogConfig: Setting CVar [[r.Shadow.CSM.TransitionScale:1.0]]
[2019.09.05-15.17.12:743][  0]LogConfig: Setting CVar [[r.Shadow.PreShadowResolutionFactor:1.0]]
[2019.09.05-15.17.12:743][  0]LogConfig: Setting CVar [[r.DistanceFieldShadowing:1]]
[2019.09.05-15.17.12:743][  0]LogConfig: Setting CVar [[r.DistanceFieldAO:1]]
[2019.09.05-15.17.12:743][  0]LogConfig: Setting CVar [[r.AOQuality:2]]
[2019.09.05-15.17.12:743][  0]LogConfig: Setting CVar [[r.VolumetricFog:1]]
[2019.09.05-15.17.12:743][  0]LogConfig: Setting CVar [[r.VolumetricFog.GridPixelSize:8]]
[2019.09.05-15.17.12:743][  0]LogConfig: Setting CVar [[r.VolumetricFog.GridSizeZ:128]]
[2019.09.05-15.17.12:743][  0]LogConfig: Setting CVar [[r.VolumetricFog.HistoryMissSupersampleCount:4]]
[2019.09.05-15.17.12:743][  0]LogConfig: Setting CVar [[r.LightMaxDrawDistanceScale:1]]
[2019.09.05-15.17.12:743][  0]LogConfig: Setting CVar [[r.CapsuleShadows:1]]
[2019.09.05-15.17.12:743][  0]LogConfig: Applying CVar settings from Section [PostProcessQuality@3] File [E:/Documents/Unreal Projects/PetitContest12/PetitContest12/Saved/Config/Windows/Scalability.ini]
[2019.09.05-15.17.12:743][  0]LogConfig: Setting CVar [[r.MotionBlurQuality:4]]
[2019.09.05-15.17.12:743][  0]LogConfig: Setting CVar [[r.AmbientOcclusionMipLevelFactor:0.4]]
[2019.09.05-15.17.12:743][  0]LogConfig: Setting CVar [[r.AmbientOcclusionMaxQuality:100]]
[2019.09.05-15.17.12:743][  0]LogConfig: Setting CVar [[r.AmbientOcclusionLevels:-1]]
[2019.09.05-15.17.12:743][  0]LogConfig: Setting CVar [[r.AmbientOcclusionRadiusScale:1.0]]
[2019.09.05-15.17.12:743][  0]LogConfig: Setting CVar [[r.DepthOfFieldQuality:2]]
[2019.09.05-15.17.12:743][  0]LogConfig: Setting CVar [[r.RenderTargetPoolMin:400]]
[2019.09.05-15.17.12:743][  0]LogConfig: Setting CVar [[r.LensFlareQuality:2]]
[2019.09.05-15.17.12:743][  0]LogConfig: Setting CVar [[r.SceneColorFringeQuality:1]]
[2019.09.05-15.17.12:743][  0]LogConfig: Setting CVar [[r.EyeAdaptationQuality:2]]
[2019.09.05-15.17.12:743][  0]LogConfig: Setting CVar [[r.BloomQuality:5]]
[2019.09.05-15.17.12:743][  0]LogConfig: Setting CVar [[r.FastBlurThreshold:100]]
[2019.09.05-15.17.12:743][  0]LogConfig: Setting CVar [[r.Upscale.Quality:3]]
[2019.09.05-15.17.12:743][  0]LogConfig: Setting CVar [[r.Tonemapper.GrainQuantization:1]]
[2019.09.05-15.17.12:743][  0]LogConfig: Setting CVar [[r.LightShaftQuality:1]]
[2019.09.05-15.17.12:743][  0]LogConfig: Setting CVar [[r.Filter.SizeScale:1]]
[2019.09.05-15.17.12:743][  0]LogConfig: Setting CVar [[r.Tonemapper.Quality:5]]
[2019.09.05-15.17.12:743][  0]LogConfig: Setting CVar [[r.DOF.Gather.AccumulatorQuality:1        ; higher gathering accumulator quality]]
[2019.09.05-15.17.12:743][  0]LogConfig: Setting CVar [[r.DOF.Gather.PostfilterMethod:1          ; Median3x3 postfilering method]]
[2019.09.05-15.17.12:743][  0]LogConfig: Setting CVar [[r.DOF.Gather.EnableBokehSettings:0       ; no bokeh simulation when gathering]]
[2019.09.05-15.17.12:743][  0]LogConfig: Setting CVar [[r.DOF.Gather.RingCount:4                 ; medium number of samples when gathering]]
[2019.09.05-15.17.12:743][  0]LogConfig: Setting CVar [[r.DOF.Scatter.ForegroundCompositing:1    ; additive foreground scattering]]
[2019.09.05-15.17.12:743][  0]LogConfig: Setting CVar [[r.DOF.Scatter.BackgroundCompositing:2    ; additive background scattering]]
[2019.09.05-15.17.12:743][  0]LogConfig: Setting CVar [[r.DOF.Scatter.EnableBokehSettings:1      ; bokeh simulation when scattering]]
[2019.09.05-15.17.12:743][  0]LogConfig: Setting CVar [[r.DOF.Scatter.MaxSpriteRatio:0.1         ; only a maximum of 10% of scattered bokeh]]
[2019.09.05-15.17.12:743][  0]LogConfig: Setting CVar [[r.DOF.Recombine.Quality:1                ; cheap slight out of focus]]
[2019.09.05-15.17.12:743][  0]LogConfig: Setting CVar [[r.DOF.Recombine.EnableBokehSettings:0    ; no bokeh simulation on slight out of focus]]
[2019.09.05-15.17.12:744][  0]LogConfig: Setting CVar [[r.DOF.TemporalAAQuality:1                ; more stable temporal accumulation]]
[2019.09.05-15.17.12:744][  0]LogConfig: Setting CVar [[r.DOF.Kernel.MaxForegroundRadius:0.025]]
[2019.09.05-15.17.12:744][  0]LogConfig: Setting CVar [[r.DOF.Kernel.MaxBackgroundRadius:0.025]]
[2019.09.05-15.17.12:744][  0]LogConfig: Applying CVar settings from Section [TextureQuality@3] File [E:/Documents/Unreal Projects/PetitContest12/PetitContest12/Saved/Config/Windows/Scalability.ini]
[2019.09.05-15.17.12:744][  0]LogConfig: Setting CVar [[r.Streaming.MipBias:0]]
[2019.09.05-15.17.12:744][  0]LogConfig: Setting CVar [[r.Streaming.AmortizeCPUToGPUCopy:0]]
[2019.09.05-15.17.12:744][  0]LogConfig: Setting CVar [[r.Streaming.MaxNumTexturesToStreamPerFrame:0]]
[2019.09.05-15.17.12:744][  0]LogConfig: Setting CVar [[r.Streaming.Boost:1]]
[2019.09.05-15.17.12:744][  0]LogConfig: Setting CVar [[r.MaxAnisotropy:8]]
[2019.09.05-15.17.12:744][  0]LogConfig: Setting CVar [[r.Streaming.LimitPoolSizeToVRAM:0]]
[2019.09.05-15.17.12:744][  0]LogConfig: Setting CVar [[r.Streaming.PoolSize:1000]]
[2019.09.05-15.17.12:744][  0]LogConfig: Setting CVar [[r.Streaming.MaxEffectiveScreenSize:0]]
[2019.09.05-15.17.12:744][  0]LogConfig: Applying CVar settings from Section [EffectsQuality@3] File [E:/Documents/Unreal Projects/PetitContest12/PetitContest12/Saved/Config/Windows/Scalability.ini]
[2019.09.05-15.17.12:744][  0]LogConfig: Setting CVar [[r.TranslucencyLightingVolumeDim:64]]
[2019.09.05-15.17.12:744][  0]LogConfig: Setting CVar [[r.RefractionQuality:2]]
[2019.09.05-15.17.12:744][  0]LogConfig: Setting CVar [[r.SSR.Quality:3]]
[2019.09.05-15.17.12:744][  0]LogConfig: Setting CVar [[r.SceneColorFormat:4]]
[2019.09.05-15.17.12:744][  0]LogConfig: Setting CVar [[r.DetailMode:2]]
[2019.09.05-15.17.12:744][  0]LogConfig: Setting CVar [[r.TranslucencyVolumeBlur:1]]
[2019.09.05-15.17.12:744][  0]LogConfig: Setting CVar [[r.MaterialQualityLevel:1 ; High quality]]
[2019.09.05-15.17.12:744][  0]LogConfig: Setting CVar [[r.SSS.Scale:1]]
[2019.09.05-15.17.12:744][  0]LogConfig: Setting CVar [[r.SSS.SampleSet:2]]
[2019.09.05-15.17.12:744][  0]LogConfig: Setting CVar [[r.SSS.Quality:1]]
[2019.09.05-15.17.12:744][  0]LogConfig: Setting CVar [[r.SSS.HalfRes:1]]
[2019.09.05-15.17.12:744][  0]LogConfig: Setting CVar [[r.EmitterSpawnRateScale:1.0]]
[2019.09.05-15.17.12:744][  0]LogConfig: Setting CVar [[r.ParticleLightQuality:2]]
[2019.09.05-15.17.12:744][  0]LogConfig: Applying CVar settings from Section [FoliageQuality@3] File [E:/Documents/Unreal Projects/PetitContest12/PetitContest12/Saved/Config/Windows/Scalability.ini]
[2019.09.05-15.17.12:744][  0]LogConfig: Setting CVar [[foliage.DensityScale:1.0]]
[2019.09.05-15.17.12:744][  0]LogConfig: Setting CVar [[grass.DensityScale:1.0]]
[2019.09.05-15.17.12:744][  0]LogInit: Selected Device Profile: [Windows]
[2019.09.05-15.17.12:744][  0]LogInit: Applying CVar settings loaded from the selected device profile: [Windows]
[2019.09.05-15.17.12:774][  0]LogHAL: Display: Platform has ~ 8 GB [8543051776 / 8589934592 / 8], which maps to Default [LargestMinGB=32, LargerMinGB=12, DefaultMinGB=8, SmallerMinGB=6, SmallestMinGB=0)
[2019.09.05-15.17.12:774][  0]LogConfig: Setting CVar [[r.Vulkan.UseRealUBs:0		; Required until we fix HLR fall-out]]
[2019.09.05-15.17.12:774][  0]LogInit: Going up to parent DeviceProfile []
[2019.09.05-15.17.12:774][  0]LogConfig: Applying CVar settings from Section [ViewDistanceQuality@1] File [E:/Documents/Unreal Projects/PetitContest12/PetitContest12/Saved/Config/Windows/Scalability.ini]
[2019.09.05-15.17.12:775][  0]LogConfig: Setting CVar [[r.SkeletalMeshLODBias:1]]
[2019.09.05-15.17.12:775][  0]LogConfig: Setting CVar [[r.ViewDistanceScale:0.6]]
[2019.09.05-15.17.12:775][  0]LogConfig: Applying CVar settings from Section [AntiAliasingQuality@1] File [E:/Documents/Unreal Projects/PetitContest12/PetitContest12/Saved/Config/Windows/Scalability.ini]
[2019.09.05-15.17.12:775][  0]LogConfig: Setting CVar [[r.PostProcessAAQuality:2]]
[2019.09.05-15.17.12:775][  0]LogConfig: Applying CVar settings from Section [ShadowQuality@1] File [E:/Documents/Unreal Projects/PetitContest12/PetitContest12/Saved/Config/Windows/Scalability.ini]
[2019.09.05-15.17.12:775][  0]LogConfig: Setting CVar [[r.LightFunctionQuality:1]]
[2019.09.05-15.17.12:775][  0]LogConfig: Setting CVar [[r.ShadowQuality:3]]
[2019.09.05-15.17.12:775][  0]LogConfig: Setting CVar [[r.Shadow.CSM.MaxCascades:1]]
[2019.09.05-15.17.12:775][  0]LogConfig: Setting CVar [[r.Shadow.MaxResolution:1024]]
[2019.09.05-15.17.12:775][  0]LogConfig: Setting CVar [[r.Shadow.MaxCSMResolution:1024]]
[2019.09.05-15.17.12:775][  0]LogConfig: Setting CVar [[r.Shadow.RadiusThreshold:0.05]]
[2019.09.05-15.17.12:775][  0]LogConfig: Setting CVar [[r.Shadow.DistanceScale:0.7]]
[2019.09.05-15.17.12:775][  0]LogConfig: Setting CVar [[r.Shadow.CSM.TransitionScale:0.25]]
[2019.09.05-15.17.12:775][  0]LogConfig: Setting CVar [[r.Shadow.PreShadowResolutionFactor:0.5]]
[2019.09.05-15.17.12:775][  0]LogConfig: Setting CVar [[r.DistanceFieldShadowing:0]]
[2019.09.05-15.17.12:775][  0]LogConfig: Setting CVar [[r.DistanceFieldAO:0]]
[2019.09.05-15.17.12:775][  0]LogConfig: Setting CVar [[r.VolumetricFog:0]]
[2019.09.05-15.17.12:775][  0]LogConfig: Setting CVar [[r.LightMaxDrawDistanceScale:.5]]
[2019.09.05-15.17.12:775][  0]LogConfig: Setting CVar [[r.CapsuleShadows:1]]
[2019.09.05-15.17.12:775][  0]LogConfig: Applying CVar settings from Section [PostProcessQuality@1] File [E:/Documents/Unreal Projects/PetitContest12/PetitContest12/Saved/Config/Windows/Scalability.ini]
[2019.09.05-15.17.12:775][  0]LogConfig: Setting CVar [[r.MotionBlurQuality:3]]
[2019.09.05-15.17.12:775][  0]LogConfig: Setting CVar [[r.AmbientOcclusionMipLevelFactor:1.0]]
[2019.09.05-15.17.12:775][  0]LogConfig: Setting CVar [[r.AmbientOcclusionMaxQuality:60]]
[2019.09.05-15.17.12:775][  0]LogConfig: Setting CVar [[r.AmbientOcclusionLevels:-1]]
[2019.09.05-15.17.12:775][  0]LogConfig: Setting CVar [[r.AmbientOcclusionRadiusScale:1.5]]
[2019.09.05-15.17.12:775][  0]LogConfig: Setting CVar [[r.DepthOfFieldQuality:1]]
[2019.09.05-15.17.12:775][  0]LogConfig: Setting CVar [[r.RenderTargetPoolMin:350]]
[2019.09.05-15.17.12:775][  0]LogConfig: Setting CVar [[r.LensFlareQuality:0]]
[2019.09.05-15.17.12:775][  0]LogConfig: Setting CVar [[r.SceneColorFringeQuality:0]]
[2019.09.05-15.17.12:775][  0]LogConfig: Setting CVar [[r.EyeAdaptationQuality:0]]
[2019.09.05-15.17.12:775][  0]LogConfig: Setting CVar [[r.BloomQuality:4]]
[2019.09.05-15.17.12:775][  0]LogConfig: Setting CVar [[r.FastBlurThreshold:2]]
[2019.09.05-15.17.12:775][  0]LogConfig: Setting CVar [[r.Upscale.Quality:2]]
[2019.09.05-15.17.12:775][  0]LogConfig: Setting CVar [[r.Tonemapper.GrainQuantization:0]]
[2019.09.05-15.17.12:775][  0]LogConfig: Setting CVar [[r.LightShaftQuality:0]]
[2019.09.05-15.17.12:775][  0]LogConfig: Setting CVar [[r.Filter.SizeScale:0.7]]
[2019.09.05-15.17.12:775][  0]LogConfig: Setting CVar [[r.Tonemapper.Quality:2]]
[2019.09.05-15.17.12:775][  0]LogConfig: Setting CVar [[r.DOF.Gather.AccumulatorQuality:0        ; lower gathering accumulator quality]]
[2019.09.05-15.17.12:775][  0]LogConfig: Setting CVar [[r.DOF.Gather.PostfilterMethod:2          ; Max3x3 postfilering method]]
[2019.09.05-15.17.12:775][  0]LogConfig: Setting CVar [[r.DOF.Gather.EnableBokehSettings:0       ; no bokeh simulation when gathering]]
[2019.09.05-15.17.12:775][  0]LogConfig: Setting CVar [[r.DOF.Gather.RingCount:3                 ; low number of samples when gathering]]
[2019.09.05-15.17.12:775][  0]LogConfig: Setting CVar [[r.DOF.Scatter.ForegroundCompositing:0    ; no foreground scattering]]
[2019.09.05-15.17.12:775][  0]LogConfig: Setting CVar [[r.DOF.Scatter.BackgroundCompositing:0    ; no foreground scattering]]
[2019.09.05-15.17.12:775][  0]LogConfig: Setting CVar [[r.DOF.Recombine.Quality:0                ; no slight out of focus]]
[2019.09.05-15.17.12:775][  0]LogConfig: Setting CVar [[r.DOF.TemporalAAQuality:0                ; faster temporal accumulation]]
[2019.09.05-15.17.12:775][  0]LogConfig: Setting CVar [[r.DOF.Kernel.MaxForegroundRadius:0.006   ; required because low gathering and no scattering and not looking great at 1080p]]
[2019.09.05-15.17.12:775][  0]LogConfig: Setting CVar [[r.DOF.Kernel.MaxBackgroundRadius:0.006   ; required because low gathering and no scattering and not looking great at 1080p]]
[2019.09.05-15.17.12:775][  0]LogConfig: Applying CVar settings from Section [TextureQuality@1] File [E:/Documents/Unreal Projects/PetitContest12/PetitContest12/Saved/Config/Windows/Scalability.ini]
[2019.09.05-15.17.12:775][  0]LogConfig: Setting CVar [[r.Streaming.MipBias:1]]
[2019.09.05-15.17.12:775][  0]LogConfig: Setting CVar [[r.Streaming.AmortizeCPUToGPUCopy:0]]
[2019.09.05-15.17.12:775][  0]LogConfig: Setting CVar [[r.Streaming.MaxNumTexturesToStreamPerFrame:0]]
[2019.09.05-15.17.12:775][  0]LogConfig: Setting CVar [[r.Streaming.Boost:1]]
[2019.09.05-15.17.12:775][  0]LogConfig: Setting CVar [[r.MaxAnisotropy:2]]
[2019.09.05-15.17.12:775][  0]LogConfig: Setting CVar [[r.Streaming.LimitPoolSizeToVRAM:1]]
[2019.09.05-15.17.12:775][  0]LogConfig: Setting CVar [[r.Streaming.PoolSize:600]]
[2019.09.05-15.17.12:775][  0]LogConfig: Setting CVar [[r.Streaming.MaxEffectiveScreenSize:0]]
[2019.09.05-15.17.12:775][  0]LogConfig: Applying CVar settings from Section [EffectsQuality@1] File [E:/Documents/Unreal Projects/PetitContest12/PetitContest12/Saved/Config/Windows/Scalability.ini]
[2019.09.05-15.17.12:775][  0]LogConfig: Setting CVar [[r.TranslucencyLightingVolumeDim:32]]
[2019.09.05-15.17.12:775][  0]LogConfig: Setting CVar [[r.RefractionQuality:0]]
[2019.09.05-15.17.12:775][  0]LogConfig: Setting CVar [[r.SSR.Quality:0]]
[2019.09.05-15.17.12:775][  0]LogConfig: Setting CVar [[r.SceneColorFormat:3]]
[2019.09.05-15.17.12:775][  0]LogConfig: Setting CVar [[r.DetailMode:1]]
[2019.09.05-15.17.12:775][  0]LogConfig: Setting CVar [[r.TranslucencyVolumeBlur:0]]
[2019.09.05-15.17.12:775][  0]LogConfig: Setting CVar [[r.MaterialQualityLevel:2 ; Medium quality]]
[2019.09.05-15.17.12:775][  0]LogConfig: Setting CVar [[r.SSS.Scale:0.75]]
[2019.09.05-15.17.12:775][  0]LogConfig: Setting CVar [[r.SSS.SampleSet:0]]
[2019.09.05-15.17.12:775][  0]LogConfig: Setting CVar [[r.SSS.Quality:0]]
[2019.09.05-15.17.12:776][  0]LogConfig: Setting CVar [[r.SSS.HalfRes:1]]
[2019.09.05-15.17.12:776][  0]LogConfig: Setting CVar [[r.EmitterSpawnRateScale:0.25]]
[2019.09.05-15.17.12:776][  0]LogConfig: Setting CVar [[r.ParticleLightQuality:0]]
[2019.09.05-15.17.12:776][  0]LogConfig: Applying CVar settings from Section [FoliageQuality@1] File [E:/Documents/Unreal Projects/PetitContest12/PetitContest12/Saved/Config/Windows/Scalability.ini]
[2019.09.05-15.17.12:776][  0]LogConfig: Setting CVar [[foliage.DensityScale:0.4]]
[2019.09.05-15.17.12:776][  0]LogConfig: Setting CVar [[grass.DensityScale:0.4]]
[2019.09.05-15.17.12:776][  0]LogConfig: Applying CVar settings from Section [Startup] File [../../../Engine/Config/ConsoleVariables.ini]
[2019.09.05-15.17.12:816][  0]LogConfig: Setting CVar [[net.UseAdaptiveNetUpdateFrequency:0]]
[2019.09.05-15.17.12:817][  0]LogConfig: Setting CVar [[p.chaos.AllowCreatePhysxBodies:1]]
[2019.09.05-15.17.12:817][  0]LogConfig: Applying CVar settings from Section [ConsoleVariables] File [E:/Documents/Unreal Projects/PetitContest12/PetitContest12/Saved/Config/Windows/Engine.ini]
[2019.09.05-15.17.12:817][  0]LogInit: Computer: MYCOMPUTER
[2019.09.05-15.17.12:817][  0]LogInit: User: kingw
[2019.09.05-15.17.12:817][  0]LogInit: CPU Page size=4096, Cores=4
[2019.09.05-15.17.12:817][  0]LogInit: High frequency timer resolution =10.000000 MHz
[2019.09.05-15.17.12:817][  0]LogMemory: Memory total: Physical=8.0GB (8GB approx)
[2019.09.05-15.17.12:817][  0]LogMemory: Platform Memory Stats for Windows
[2019.09.05-15.17.12:817][  0]LogMemory: Process Physical Memory: 96.77 MB used, 96.78 MB peak
[2019.09.05-15.17.12:817][  0]LogMemory: Process Virtual Memory: 91.99 MB used, 91.99 MB peak
[2019.09.05-15.17.12:817][  0]LogMemory: Physical Memory: 4528.05 MB used,  3619.24 MB free, 8147.29 MB total
[2019.09.05-15.17.12:817][  0]LogMemory: Virtual Memory: 4645.24 MB used,  134213080.00 MB free, 134217728.00 MB total
[2019.09.05-15.17.13:315][  0]LogInit: Using OS detected language (ja-JP).
[2019.09.05-15.17.13:315][  0]LogInit: Using OS detected locale (ja-JP).
[2019.09.05-15.17.13:316][  0]LogTextLocalizationManager: No specific localization for 'ja-JP' exists, so the 'ja' localization will be used.
[2019.09.05-15.17.13:482][  0]LogInit: Setting process to per monitor DPI aware
[2019.09.05-15.17.13:647][  0]LogSlate: New Slate User Created.  User Index 0, Is Virtual User: 0
[2019.09.05-15.17.13:647][  0]LogSlate: Slate User Registered.  User Index 0, Is Virtual User: 0
[2019.09.05-15.17.17:451][  0]LogD3D11RHI: D3D11 adapters:
[2019.09.05-15.17.17:559][  0]LogD3D11RHI:    0. 'NVIDIA GeForce GTX 1060 3GB' (Feature Level 11_0)
[2019.09.05-15.17.17:559][  0]LogD3D11RHI:       2988/0/4073 MB DedicatedVideo/DedicatedSystem/SharedSystem, Outputs:1, VendorId:0x10de
[2019.09.05-15.17.17:563][  0]LogD3D11RHI:    1. 'Microsoft Basic Render Driver' (Feature Level 11_0)
[2019.09.05-15.17.17:563][  0]LogD3D11RHI:       0/0/4073 MB DedicatedVideo/DedicatedSystem/SharedSystem, Outputs:0, VendorId:0x1414
[2019.09.05-15.17.17:563][  0]LogD3D11RHI: Chosen D3D11 Adapter: 0
[2019.09.05-15.17.17:576][  0]LogD3D11RHI: Creating new Direct3DDevice
[2019.09.05-15.17.17:576][  0]LogD3D11RHI:     GPU DeviceId: 0x1c02 (for the marketing name, search the web for "GPU Device Id")
[2019.09.05-15.17.17:577][  0]LogWindows: EnumDisplayDevices:
[2019.09.05-15.17.17:577][  0]LogWindows:    0. 'NVIDIA GeForce GTX 1060 3GB' (P:1 D:1)
[2019.09.05-15.17.17:577][  0]LogWindows:    1. 'NVIDIA GeForce GTX 1060 3GB' (P:0 D:0)
[2019.09.05-15.17.17:577][  0]LogWindows:    2. 'NVIDIA GeForce GTX 1060 3GB' (P:0 D:0)
[2019.09.05-15.17.17:578][  0]LogWindows:    3. 'NVIDIA GeForce GTX 1060 3GB' (P:0 D:0)
[2019.09.05-15.17.17:578][  0]LogWindows: DebugString: FoundDriverCount:4 
[2019.09.05-15.17.17:578][  0]LogD3D11RHI:     Adapter Name: NVIDIA GeForce GTX 1060 3GB
[2019.09.05-15.17.17:579][  0]LogD3D11RHI:   Driver Version: 436.15 (internal:26.21.14.3615, unified:436.15)
[2019.09.05-15.17.17:579][  0]LogD3D11RHI:      Driver Date: 8-24-2019
[2019.09.05-15.17.17:579][  0]LogRHI: Texture pool is 2091 MB (70% of 2988 MB)
[2019.09.05-15.17.17:672][  0]LogD3D11RHI: Async texture creation enabled
[2019.09.05-15.17.17:681][  0]LogRendererCore: FGlobalReadBuffer::InitRHI
[2019.09.05-15.17.17:681][  0]LogRendererCore: FGlobalReadBuffer::InitRHI
[2019.09.05-15.17.17:681][  0]LogRendererCore: FGlobalReadBuffer::InitRHI
[2019.09.05-15.17.17:693][  0]LogD3D11RHI: GPU Timing Frequency: 1000.000000 (Debug: 2 1)
[2019.09.05-15.17.18:743][  0]LogTemp: Display: Module 'AllDesktopTargetPlatform' loaded TargetPlatform 'AllDesktop'
[2019.09.05-15.17.18:798][  0]LogTemp: Display: Module 'MacClientTargetPlatform' loaded TargetPlatform 'MacClient'
[2019.09.05-15.17.18:849][  0]LogTemp: Display: Module 'MacNoEditorTargetPlatform' loaded TargetPlatform 'MacNoEditor'
[2019.09.05-15.17.18:890][  0]LogTemp: Display: Module 'MacServerTargetPlatform' loaded TargetPlatform 'MacServer'
[2019.09.05-15.17.18:963][  0]LogTemp: Display: Module 'MacTargetPlatform' loaded TargetPlatform 'Mac'
[2019.09.05-15.17.19:009][  0]LogTemp: Display: Module 'WindowsClientTargetPlatform' loaded TargetPlatform 'WindowsClient'
[2019.09.05-15.17.19:067][  0]LogTemp: Display: Module 'WindowsNoEditorTargetPlatform' loaded TargetPlatform 'WindowsNoEditor'
[2019.09.05-15.17.19:120][  0]LogTemp: Display: Module 'WindowsServerTargetPlatform' loaded TargetPlatform 'WindowsServer'
[2019.09.05-15.17.19:272][  0]LogTemp: Display: Module 'WindowsTargetPlatform' loaded TargetPlatform 'Windows'
[2019.09.05-15.17.19:433][  0]LogTemp: Display: Module 'AndroidTargetPlatform' loaded TargetPlatform 'Android'
[2019.09.05-15.17.19:433][  0]LogTemp: Display: Module 'AndroidTargetPlatform' loaded TargetPlatform 'Android_ASTC'
[2019.09.05-15.17.19:433][  0]LogTemp: Display: Module 'AndroidTargetPlatform' loaded TargetPlatform 'Android_ATC'
[2019.09.05-15.17.19:433][  0]LogTemp: Display: Module 'AndroidTargetPlatform' loaded TargetPlatform 'Android_DXT'
[2019.09.05-15.17.19:433][  0]LogTemp: Display: Module 'AndroidTargetPlatform' loaded TargetPlatform 'Android_ETC1'
[2019.09.05-15.17.19:433][  0]LogTemp: Display: Module 'AndroidTargetPlatform' loaded TargetPlatform 'Android_ETC1a'
[2019.09.05-15.17.19:433][  0]LogTemp: Display: Module 'AndroidTargetPlatform' loaded TargetPlatform 'Android_ETC2'
[2019.09.05-15.17.19:434][  0]LogTemp: Display: Module 'AndroidTargetPlatform' loaded TargetPlatform 'Android_PVRTC'
[2019.09.05-15.17.19:434][  0]LogTemp: Display: Module 'AndroidTargetPlatform' loaded TargetPlatform 'AndroidClient'
[2019.09.05-15.17.19:434][  0]LogTemp: Display: Module 'AndroidTargetPlatform' loaded TargetPlatform 'Android_ASTCClient'
[2019.09.05-15.17.19:434][  0]LogTemp: Display: Module 'AndroidTargetPlatform' loaded TargetPlatform 'Android_ATCClient'
[2019.09.05-15.17.19:434][  0]LogTemp: Display: Module 'AndroidTargetPlatform' loaded TargetPlatform 'Android_DXTClient'
[2019.09.05-15.17.19:434][  0]LogTemp: Display: Module 'AndroidTargetPlatform' loaded TargetPlatform 'Android_ETC1Client'
[2019.09.05-15.17.19:434][  0]LogTemp: Display: Module 'AndroidTargetPlatform' loaded TargetPlatform 'Android_ETC1aClient'
[2019.09.05-15.17.19:434][  0]LogTemp: Display: Module 'AndroidTargetPlatform' loaded TargetPlatform 'Android_ETC2Client'
[2019.09.05-15.17.19:434][  0]LogTemp: Display: Module 'AndroidTargetPlatform' loaded TargetPlatform 'Android_PVRTCClient'
[2019.09.05-15.17.19:434][  0]LogTemp: Display: Module 'AndroidTargetPlatform' loaded TargetPlatform 'Android_Multi'
[2019.09.05-15.17.19:434][  0]LogTemp: Display: Module 'AndroidTargetPlatform' loaded TargetPlatform 'Android_MultiClient'
[2019.09.05-15.17.19:470][  0]LogTemp: Display: Module 'HTML5TargetPlatform' loaded TargetPlatform 'HTML5'
[2019.09.05-15.17.19:700][  0]LogTemp: Display: Module 'IOSTargetPlatform' loaded TargetPlatform 'IOSClient'
[2019.09.05-15.17.19:700][  0]LogTemp: Display: Module 'IOSTargetPlatform' loaded TargetPlatform 'IOS'
[2019.09.05-15.17.19:758][  0]LogTemp: Display: Module 'TVOSTargetPlatform' loaded TargetPlatform 'TVOSClient'
[2019.09.05-15.17.19:758][  0]LogTemp: Display: Module 'TVOSTargetPlatform' loaded TargetPlatform 'TVOS'
[2019.09.05-15.17.19:837][  0]LogTemp: Display: Module 'LinuxClientTargetPlatform' loaded TargetPlatform 'LinuxClient'
[2019.09.05-15.17.19:888][  0]LogTemp: Display: Module 'LinuxNoEditorTargetPlatform' loaded TargetPlatform 'LinuxNoEditor'
[2019.09.05-15.17.19:937][  0]LogTemp: Display: Module 'LinuxServerTargetPlatform' loaded TargetPlatform 'LinuxServer'
[2019.09.05-15.17.19:994][  0]LogTemp: Display: Module 'LinuxTargetPlatform' loaded TargetPlatform 'Linux'
[2019.09.05-15.17.20:100][  0]LogTemp: Display: Module 'LuminTargetPlatform' loaded TargetPlatform 'Lumin'
[2019.09.05-15.17.20:100][  0]LogTemp: Display: Module 'LuminTargetPlatform' loaded TargetPlatform 'LuminClient'
[2019.09.05-15.17.20:100][  0]LogTargetPlatformManager: Display: Building Assets For Windows
[2019.09.05-15.17.20:244][  0]LogAudioDebug: Display: Lib vorbis DLL was dynamically loaded.
[2019.09.05-15.17.21:062][  0]LogShaderCompilers: Guid format shader working directory is -25 characters bigger than the processId version (../../../../../Documents/Unreal Projects/PetitContest12/PetitContest12/Intermediate/Shaders/WorkingDirectory/15404/).
[2019.09.05-15.17.21:062][  0]LogShaderCompilers: Cleaned the shader compiler working directory 'C:/Users/kingw/AppData/Local/Temp/UnrealShaderWorkingDir/9C07AFE940896B2D93DF248C12B86551/'.
[2019.09.05-15.17.21:064][  0]LogXGEController: Cleaning working directory: C:/Users/kingw/AppData/Local/Temp/UnrealXGEWorkingDir/
[2019.09.05-15.17.21:065][  0]LogXGEController: Cannot use XGE Controller as Incredibuild is not installed on this machine.
[2019.09.05-15.17.21:065][  0]LogShaderCompilers: Cannot use XGE Shader Compiler as Incredibuild is not installed on this machine.
[2019.09.05-15.17.21:065][  0]LogShaderCompilers: Display: Using Local Shader Compiler.
[2019.09.05-15.17.24:404][  0]LogDerivedDataCache: Display: Max Cache Size: 512 MB
[2019.09.05-15.17.24:414][  0]LogDerivedDataCache: Loaded boot cache 0.01s 1MB C:/Users/kingw/AppData/Local/UnrealEngine/4.22/DerivedDataCache/Boot.ddc.
[2019.09.05-15.17.24:414][  0]LogDerivedDataCache: Display: Loaded Boot cache: C:/Users/kingw/AppData/Local/UnrealEngine/4.22/DerivedDataCache/Boot.ddc
[2019.09.05-15.17.24:414][  0]LogDerivedDataCache: FDerivedDataBackendGraph:  Pak pak cache file ../../../../../Documents/Unreal Projects/PetitContest12/PetitContest12/DerivedDataCache/DDC.ddp not found, will not use a pak cache.
[2019.09.05-15.17.24:414][  0]LogDerivedDataCache: Unable to find inner node Pak for hierarchical cache Hierarchy.
[2019.09.05-15.17.24:414][  0]LogDerivedDataCache: FDerivedDataBackendGraph:  CompressedPak pak cache file ../../../../../Documents/Unreal Projects/PetitContest12/PetitContest12/DerivedDataCache/Compressed.ddp not found, will not use a pak cache.
[2019.09.05-15.17.24:414][  0]LogDerivedDataCache: Unable to find inner node CompressedPak for hierarchical cache Hierarchy.
[2019.09.05-15.17.24:453][  0]LogDerivedDataCache: Display: Pak cache opened for reading ../../../Engine/DerivedDataCache/Compressed.ddp.
[2019.09.05-15.17.24:471][  0]LogDerivedDataCache: Display: Pak cache opened for reading ../../../Enterprise/DerivedDataCache/Compressed.ddp.
[2019.09.05-15.17.24:484][  0]LogDerivedDataCache: Using Local data cache path C:/Users/kingw/AppData/Local/UnrealEngine/Common/DerivedDataCache: Writable
[2019.09.05-15.17.24:484][  0]LogDerivedDataCache: Shared data cache path not found in *engine.ini, will not use an Shared cache.
[2019.09.05-15.17.24:484][  0]LogDerivedDataCache: Unable to find inner node Shared for hierarchical cache Hierarchy.
[2019.09.05-15.17.24:514][  0]LogMaterial: Verifying Global Shaders for PCD3D_SM5
[2019.09.05-15.17.24:516][  0]LogSlate: Using FreeType 2.6.0
[2019.09.05-15.17.24:577][  0]LogSlate: SlateFontServices - WITH_FREETYPE: 1, WITH_HARFBUZZ: 1
[2019.09.05-15.17.25:375][  0]LogAssetRegistry: FAssetRegistry took 0.0393 seconds to start up
[2019.09.05-15.17.25:859][  0]LogInit: Selected Device Profile: [Windows]
[2019.09.05-15.17.26:905][  0]LogMeshReduction: Using QuadricMeshReduction for automatic static mesh reduction
[2019.09.05-15.17.26:905][  0]LogMeshReduction: Using SimplygonMeshReduction for automatic skeletal mesh reduction
[2019.09.05-15.17.26:905][  0]LogMeshReduction: Using ProxyLODMeshReduction for automatic mesh merging
[2019.09.05-15.17.26:905][  0]LogMeshReduction: No distributed automatic mesh merging module available
[2019.09.05-15.17.26:905][  0]LogMeshMerging: No distributed automatic mesh merging module available
[2019.09.05-15.17.27:057][  0]LogNetVersion: PetitContest12 1.0.0, NetCL: 5660361, EngineNetVer: 10, GameNetVer: 0 (Checksum: 2872054507)
[2019.09.05-15.17.30:389][  0]LogPackageLocalizationCache: Processed 14 localized package path(s) for 1 prioritized culture(s) in 0.117565 seconds
[2019.09.05-15.17.30:396][  0]LogUObjectArray: 41770 objects as part of root set at end of initial load.
[2019.09.05-15.17.30:397][  0]LogUObjectAllocator: 7252984 out of 0 bytes used by permanent object pool.
[2019.09.05-15.17.30:397][  0]LogUObjectArray: CloseDisregardForGC: 0/0 objects in disregard for GC pool
[2019.09.05-15.17.51:900][  0]LogTcpMessaging: Initializing TcpMessaging bridge
[2019.09.05-15.17.51:956][  0]LogUdpMessaging: Initializing bridge on interface 0.0.0.0:0 to multicast group 230.0.0.1:6666.
[2019.09.05-15.17.52:766][  0]SourceControl: ソースコントロールは無効です
[2019.09.05-15.17.52:767][  0]LogWindows: Warning: CreateProc failed: 指定されたファイルが見つかりません。 (0x00000002)
[2019.09.05-15.17.52:767][  0]LogWindows: Warning: URL: C:/Program Files/Git/bin/git.exe version
[2019.09.05-15.17.52:767][  0]LogWindows: Warning: CreateProc failed: 指定されたファイルが見つかりません。 (0x00000002)
[2019.09.05-15.17.52:767][  0]LogWindows: Warning: URL: C:/Program Files (x86)/Git/bin/git.exe version
[2019.09.05-15.17.52:767][  0]LogWindows: Warning: CreateProc failed: 指定されたファイルが見つかりません。 (0x00000002)
[2019.09.05-15.17.52:767][  0]LogWindows: Warning: URL: C:\Users\kingw\AppData\Local/Programs/Git/cmd/git.exe version
[2019.09.05-15.17.52:768][  0]LogWindows: Warning: CreateProc failed: 指定されたファイルが見つかりません。 (0x00000002)
[2019.09.05-15.17.52:768][  0]LogWindows: Warning: URL: C:/Program Files (x86)/SmartGit/git/bin/git.exe version
[2019.09.05-15.17.52:768][  0]LogWindows: Warning: CreateProc failed: 指定されたファイルが見つかりません。 (0x00000002)
[2019.09.05-15.17.52:768][  0]LogWindows: Warning: URL: C:/Program Files (x86)/SmartGit/bin/git.exe version
[2019.09.05-15.17.56:349][  0]LogAndroidPermission: UAndroidPermissionCallbackProxy::GetInstance
[2019.09.05-15.18.01:202][  0]LogWindows: Failed to load 'libalias_api.dll' (GetLastError=126)
[2019.09.05-15.18.01:202][  0]LogWindows: File 'libalias_api.dll' does not exist
[2019.09.05-15.18.01:203][  0]LogWindows: Failed to load 'libalias_api.dll' (GetLastError=126)
[2019.09.05-15.18.01:203][  0]LogWindows: File 'libalias_api.dll' does not exist
[2019.09.05-15.18.01:625][  0]LogEngine: Initializing Engine...
[2019.09.05-15.18.01:638][  0]LogStats: UGameplayTagsManager::InitializeManager -  0.000 s
[2019.09.05-15.18.03:156][  0]LogInit: Initializing FReadOnlyCVARCache
[2019.09.05-15.18.03:201][  0]LogAIModule: Creating AISystem for world Untitled
[2019.09.05-15.18.03:310][  0]LogInit: XAudio2 using 'スピーカー (Realtek High Definition Audio)' : 2 channels at 48 kHz using 32 bits per sample (channel mask 0x3)
[2019.09.05-15.18.03:357][  0]LogInit: FAudioDevice initialized.
[2019.09.05-15.18.03:357][  0]LogNetVersion: Set ProjectVersion to 1.0.0.0. Version Checksum will be recalculated on next use.
[2019.09.05-15.18.03:559][  0]LogDerivedDataCache: Saved boot cache 0.20s 69MB C:/Users/kingw/AppData/Local/UnrealEngine/4.22/DerivedDataCache/Boot.ddc.
[2019.09.05-15.18.03:574][  0]LogInit: Texture streaming: Enabled
[2019.09.05-15.18.03:785][  0]LogEngineSessionManager: EngineSessionManager initialized
[2019.09.05-15.18.03:933][  0]LogInit: Transaction tracking system initialized
[2019.09.05-15.18.04:316][  0]BlueprintLog: New page: エディタの読み込み
[2019.09.05-15.18.05:488][  0]LocalizationService: ローカライズのサービスが無効になりました
[2019.09.05-15.18.08:540][  0]LogFileCache: Scanning file cache for directory 'E:/Documents/Unreal Projects/PetitContest12/PetitContest12/Content/' took 0.03s
[2019.09.05-15.18.08:540][  0]LogCook: Display: Max memory allowance for cook 16384mb min free memory 0mb
[2019.09.05-15.18.08:540][  0]LogCook: Display: Mobile HDR setting 1
[2019.09.05-15.18.13:420][  0]Cmd: MAP LOAD FILE="../../../../../Documents/Unreal Projects/PetitContest12/PetitContest12/Content/ThirdPersonBP/Maps/L_Title.umap" TEMPLATE=0 SHOWPROGRESS=1 FEATURELEVEL=3
[2019.09.05-15.18.13:436][  0]LightingResults: New page: ライティングのビルド
[2019.09.05-15.18.13:451][  0]MapCheck: New page: マップをチェック
[2019.09.05-15.18.13:451][  0]LightingResults: New page: ライティングのビルド
[2019.09.05-15.18.13:489][  0]LogUObjectHash: Compacting FUObjectHashTables data took   2.04ms
[2019.09.05-15.18.15:906][  0]LogAIModule: Creating AISystem for world L_Title
[2019.09.05-15.18.15:946][  0]LogEditorServer: Finished looking for orphan Actors (0.000 secs)
[2019.09.05-15.18.15:993][  0]LogUObjectHash: Compacting FUObjectHashTables data took   3.32ms
[2019.09.05-15.18.15:993][  0]Cmd: MAP CHECKDEP NOCLEARLOG
[2019.09.05-15.18.15:994][  0]MapCheck: マップチェックが完了: 0 エラー、 0 警告、完了に 0.157ミリ秒かかりました。
[2019.09.05-15.18.15:994][  0]LogFileHelpers: Loading map 'L_Title' took 2.574
[2019.09.05-15.18.16:542][  0]LogSlate: Updating window title bar state: overlay mode, drag disabled, window buttons hidden, title bar hidden
[2019.09.05-15.18.16:556][  0]LogSlate: Updating window title bar state: overlay mode, drag disabled, window buttons hidden, title bar hidden
[2019.09.05-15.18.16:567][  0]LogSlate: Updating window title bar state: overlay mode, drag disabled, window buttons hidden, title bar hidden
[2019.09.05-15.18.16:580][  0]LogSlate: Updating window title bar state: overlay mode, drag disabled, window buttons hidden, title bar hidden
[2019.09.05-15.18.16:666][  0]LogCollectionManager: Loaded 0 collections in 0.001782 seconds
[2019.09.05-15.18.16:883][  0]LogFileCache: Scanning file cache for directory 'E:/Documents/Unreal Projects/PetitContest12/PetitContest12/Saved/Collections/' took 0.02s
[2019.09.05-15.18.16:883][  0]LogFileCache: Scanning file cache for directory 'E:/Documents/Unreal Projects/PetitContest12/PetitContest12/Content/Developers/kingw/Collections/' took 0.01s
[2019.09.05-15.18.16:883][  0]LogFileCache: Scanning file cache for directory 'E:/Documents/Unreal Projects/PetitContest12/PetitContest12/Content/Collections/' took 0.01s
[2019.09.05-15.18.16:883][  0]LogCollectionManager: Rebuilt the GUID cache for 0 collections in 0.000002 seconds
[2019.09.05-15.18.16:896][  0]LogContentBrowser: Native class hierarchy populated in 0.0122 seconds. Added 2850 classes and 712 folders.
[2019.09.05-15.18.17:116][  0]LogContentBrowser: Native class hierarchy updated for 'WidgetCarousel' in 0.0007 seconds. Added 0 classes and 0 folders.
[2019.09.05-15.18.17:350][  0]LogPakFile: Registered encryption key '00000000000000000000000000000000': 0 pak files mounted, 0 remain pending
[2019.09.05-15.18.17:415][  0]LogPakFile: Registered encryption key '00000000000000000000000000000000': 0 pak files mounted, 0 remain pending
[2019.09.05-15.18.17:551][  0]LogPakFile: Registered encryption key '00000000000000000000000000000000': 0 pak files mounted, 0 remain pending
[2019.09.05-15.18.17:602][  0]LogPakFile: Registered encryption key '00000000000000000000000000000000': 0 pak files mounted, 0 remain pending
[2019.09.05-15.18.17:620][  0]LogPakFile: Registered encryption key '00000000000000000000000000000000': 0 pak files mounted, 0 remain pending
[2019.09.05-15.18.17:641][  0]LogPakFile: Registered encryption key '00000000000000000000000000000000': 0 pak files mounted, 0 remain pending
[2019.09.05-15.18.17:654][  0]LogPakFile: Registered encryption key '00000000000000000000000000000000': 0 pak files mounted, 0 remain pending
[2019.09.05-15.18.17:675][  0]LogPakFile: Registered encryption key '00000000000000000000000000000000': 0 pak files mounted, 0 remain pending
[2019.09.05-15.18.17:690][  0]LogPakFile: Registered encryption key '00000000000000000000000000000000': 0 pak files mounted, 0 remain pending
[2019.09.05-15.18.17:709][  0]LogPakFile: Registered encryption key '00000000000000000000000000000000': 0 pak files mounted, 0 remain pending
[2019.09.05-15.18.17:723][  0]LogPakFile: Registered encryption key '00000000000000000000000000000000': 0 pak files mounted, 0 remain pending
[2019.09.05-15.18.17:815][  0]LogPakFile: Registered encryption key '00000000000000000000000000000000': 0 pak files mounted, 0 remain pending
[2019.09.05-15.18.17:840][  0]LogPakFile: Registered encryption key '00000000000000000000000000000000': 0 pak files mounted, 0 remain pending
[2019.09.05-15.18.17:856][  0]LogPakFile: Registered encryption key '00000000000000000000000000000000': 0 pak files mounted, 0 remain pending
[2019.09.05-15.18.17:874][  0]LogPakFile: Registered encryption key '00000000000000000000000000000000': 0 pak files mounted, 0 remain pending
[2019.09.05-15.18.17:892][  0]LogPakFile: Registered encryption key '00000000000000000000000000000000': 0 pak files mounted, 0 remain pending
[2019.09.05-15.18.17:936][  0]LogPakFile: Registered encryption key '00000000000000000000000000000000': 0 pak files mounted, 0 remain pending
[2019.09.05-15.18.17:943][  0]LogPakFile: Registered encryption key '00000000000000000000000000000000': 0 pak files mounted, 0 remain pending
[2019.09.05-15.18.17:969][  0]LogPakFile: Registered encryption key '00000000000000000000000000000000': 0 pak files mounted, 0 remain pending
[2019.09.05-15.18.17:980][  0]LogPakFile: Registered encryption key '00000000000000000000000000000000': 0 pak files mounted, 0 remain pending
[2019.09.05-15.18.17:991][  0]LogPakFile: Registered encryption key '00000000000000000000000000000000': 0 pak files mounted, 0 remain pending
[2019.09.05-15.18.18:041][  0]LogPakFile: Registered encryption key '00000000000000000000000000000000': 0 pak files mounted, 0 remain pending
[2019.09.05-15.18.18:075][  0]LogPakFile: Registered encryption key '00000000000000000000000000000000': 0 pak files mounted, 0 remain pending
[2019.09.05-15.18.18:104][  0]LogPakFile: Registered encryption key '00000000000000000000000000000000': 0 pak files mounted, 0 remain pending
[2019.09.05-15.18.18:127][  0]LogPakFile: Registered encryption key '00000000000000000000000000000000': 0 pak files mounted, 0 remain pending
[2019.09.05-15.18.18:143][  0]LogPakFile: Registered encryption key '00000000000000000000000000000000': 0 pak files mounted, 0 remain pending
[2019.09.05-15.18.18:157][  0]LogPakFile: Registered encryption key '00000000000000000000000000000000': 0 pak files mounted, 0 remain pending
[2019.09.05-15.18.18:207][  0]LogPakFile: Registered encryption key '00000000000000000000000000000000': 0 pak files mounted, 0 remain pending
[2019.09.05-15.18.19:206][  0]LogContentBrowser: Native class hierarchy updated for 'AddContentDialog' in 0.0004 seconds. Added 0 classes and 0 folders.
[2019.09.05-15.18.19:227][  0]LogContentBrowser: Native class hierarchy updated for 'SceneOutliner' in 0.0003 seconds. Added 1 classes and 0 folders.
[2019.09.05-15.18.19:941][  0]LogSlate: Took 0.007016 seconds to synchronously load lazily loaded font '../../../Engine/Content/Slate/Fonts/Roboto-Regular.ttf' (155K)
[2019.09.05-15.18.19:971][  0]LogSlate: Took 0.029261 seconds to synchronously load lazily loaded font '../../../Engine/Content/Editor/Slate/Fonts/GenEiGothicPro-Regular.otf' (707K)
[2019.09.05-15.18.19:992][  0]LogSlate: Took 0.020630 seconds to synchronously load lazily loaded font '../../../Engine/Content/Editor/Slate/Fonts/GenEiGothicPro-Bold.otf' (698K)
[2019.09.05-15.18.19:996][  0]LogSlate: Took 0.004169 seconds to synchronously load lazily loaded font '../../../Engine/Content/Slate/Fonts/Roboto-Bold.ttf' (160K)
[2019.09.05-15.18.20:024][  0]LogSlate: Took 0.022893 seconds to synchronously load lazily loaded font '../../../Engine/Content/Editor/Slate/Fonts/FontAwesome.ttf' (139K)
[2019.09.05-15.18.20:325][  0]LogRenderer: Reallocating scene render targets to support 1216x572 Format 9 NumSamples 1 (Frame:1).
[2019.09.05-15.18.20:698][  0]LogContentBrowser: Native class hierarchy updated for 'HierarchicalLODOutliner' in 0.0007 seconds. Added 0 classes and 0 folders.
[2019.09.05-15.18.20:699][  0]LogLoad: (Engine Initialization) Total time: 76.71 seconds
[2019.09.05-15.18.20:699][  0]LogLoad: (Engine Initialization) Total Blueprint compile time: 0.00 seconds
[2019.09.05-15.18.20:777][  0]LogAssetRegistry: Asset discovery search completed in 55.4275 seconds
[2019.09.05-15.18.20:781][  0]LogCollectionManager: Rebuilt the object cache for 0 collections in 0.000001 seconds (found 0 objects)
[2019.09.05-15.18.20:781][  0]LogCollectionManager: Fixed up redirectors for 0 collections in 0.000258 seconds (updated 0 objects)
[2019.09.05-15.18.20:805][  0]LogContentStreaming: Texture pool size now 600 MB
[2019.09.05-15.18.20:927][  0]LogSlate: Took 0.004257 seconds to synchronously load lazily loaded font '../../../Engine/Content/Slate/Fonts/Roboto-Light.ttf' (167K)
[2019.09.05-15.21.09:610][737]LogSlate: FSceneViewport::OnFocusLost() reason 0
[2019.09.05-15.21.11:558][888]LogSlate: Took 0.000375 seconds to synchronously load lazily loaded font '../../../Engine/Content/Slate/Fonts/Roboto-Light.ttf' (167K)
[2019.09.05-15.21.11:600][888]LogSlate: Took 0.040572 seconds to synchronously load lazily loaded font '../../../Engine/Content/Editor/Slate/Fonts/GenEiGothicPro-Light.otf' (713K)
[2019.09.05-15.21.12:449][888]LogAIModule: Creating AISystem for world ThirdPersonExampleMap
[2019.09.05-15.21.12:593][888]LogAssetEditorManager: Opening Asset editor for World /Game/ThirdPersonBP/Maps/ThirdPersonExampleMap.ThirdPersonExampleMap
[2019.09.05-15.21.12:643][888]LogUObjectHash: Compacting FUObjectHashTables data took   3.98ms
[2019.09.05-15.21.12:645][888]Cmd: MAP LOAD FILE="../../../../../Documents/Unreal Projects/PetitContest12/PetitContest12/Content/ThirdPersonBP/Maps/ThirdPersonExampleMap.umap" TEMPLATE=0 SHOWPROGRESS=1 FEATURELEVEL=3
[2019.09.05-15.21.12:646][888]LightingResults: New page: ライティングのビルド
[2019.09.05-15.21.12:648][888]LoadErrors: New page: マップをロード中: ThirdPersonExampleMap.umap
[2019.09.05-15.21.12:664][888]MapCheck: New page: マップをチェック
[2019.09.05-15.21.12:664][888]LightingResults: New page: ライティングのビルド
[2019.09.05-15.21.12:706][888]LogUObjectHash: Compacting FUObjectHashTables data took   5.19ms
[2019.09.05-15.21.13:013][888]LogEditorServer: Finished looking for orphan Actors (0.000 secs)
[2019.09.05-15.21.13:051][888]LogUObjectHash: Compacting FUObjectHashTables data took   2.76ms
[2019.09.05-15.21.13:126][888]Cmd: MAP CHECKDEP NOCLEARLOG
[2019.09.05-15.21.13:126][888]MapCheck: マップチェックが完了: 0 エラー、 0 警告、完了に 0.163ミリ秒かかりました。
[2019.09.05-15.21.13:126][888]LogFileHelpers: Loading map 'ThirdPersonExampleMap' took 0.483
[2019.09.05-15.21.13:288][890]LogSlate: Warning: Legacy localized fallback font '../../../Engine/Content/Slate/Fonts/DroidSansFallback.ttf' was requested. Font: '/Engine/EngineFonts/Faces/RobotoBold.RobotoBold', Character: 'ス (U+30b9)'
Legacy localized fallback fonts were deprecated in 4.22 and will be removed in a future version!
Please update your composite fonts to use localized sub-font families: https://docs.unrealengine.com/en-US/Engine/UMG/UserGuide/Fonts/Overview
[2019.09.05-15.21.13:314][890]LogSlate: Took 0.025281 seconds to synchronously load lazily loaded font '../../../Engine/Content/Slate/Fonts/DroidSansFallback.ttf' (3848K)
[2019.09.05-15.21.21:304][490]LogEditorViewport: Clicking on Actor (LMB): BP_Widget_NextStage_C (BP_Widget_NextStage6)
[2019.09.05-15.21.21:519][490]LogSlate: Took 0.094169 seconds to synchronously load lazily loaded font '../../../Engine/Content/Editor/Slate/Fonts/GenEiGothicPro-SemiBold.otf' (703K)
[2019.09.05-15.21.21:546][490]LogSlate: Took 0.025781 seconds to synchronously load lazily loaded font '../../../Engine/Content/Editor/Slate/Fonts/GenEiGothicPro-Heavy.otf' (704K)
[2019.09.05-15.21.25:349][775]LogSlate: FSceneViewport::OnFocusLost() reason 0
[2019.09.05-15.21.25:494][784]LogUObjectHash: Compacting FUObjectHashTables data took   2.13ms
[2019.09.05-15.21.25:658][784]LogSlate: Window 'PetitContest12 - Unreal Editor' being destroyed
[2019.09.05-15.21.25:662][784]LogWindowsTextInputMethodSystem: Display: IME system now activated using TSF (Microsoft IME).
[2019.09.05-15.21.26:080][785]Cmd: QUIT_EDITOR
[2019.09.05-15.21.26:161][785]LogExit: Preparing to exit.
[2019.09.05-15.21.27:191][785]LogExit: Editor shut down
[2019.09.05-15.21.27:191][785]LogExit: Transaction tracking system shut down
[2019.09.05-15.21.27:766][785]LogExit: Object subsystem successfully closed.
[2019.09.05-15.21.27:795][785]LogShaderCompilers: Display: Shaders left to compile 0
[2019.09.05-15.21.27:811][785]LogD3D11RHI: Shutdown
[2019.09.05-15.21.27:811][785]LogD3D11RHI: CleanupD3DDevice
[2019.09.05-15.21.27:814][785]LogRendererCore: FGlobalReadBuffer::ReleaseRHI
[2019.09.05-15.21.27:815][785]LogRendererCore: FGlobalDynamicReadBuffer::Cleanup()
[2019.09.05-15.21.27:815][785]LogRendererCore: FGlobalReadBuffer::ReleaseRHI
[2019.09.05-15.21.27:815][785]LogRendererCore: FGlobalDynamicReadBuffer::Cleanup()
[2019.09.05-15.21.27:815][785]LogRendererCore: FGlobalReadBuffer::ReleaseRHI
[2019.09.05-15.21.27:815][785]LogRendererCore: FGlobalDynamicReadBuffer::Cleanup()
[2019.09.05-15.21.28:009][785]LogD3D11RHI: ~FD3D11DynamicRHI
[2019.09.05-15.21.28:030][785]LogModuleManager: Shutting down and abandoning module HierarchicalLODOutliner (672)
[2019.09.05-15.21.28:030][785]LogModuleManager: Shutting down and abandoning module SceneOutliner (670)
[2019.09.05-15.21.28:030][785]LogModuleManager: Shutting down and abandoning module AddContentDialog (668)
[2019.09.05-15.21.28:030][785]LogModuleManager: Shutting down and abandoning module WidgetCarousel (667)
[2019.09.05-15.21.28:030][785]LogModuleManager: Shutting down and abandoning module EditorWidgets (664)
[2019.09.05-15.21.28:030][785]LogModuleManager: Shutting down and abandoning module CollectionManager (662)
[2019.09.05-15.21.28:030][785]LogModuleManager: Shutting down and abandoning module StatsViewer (660)
[2019.09.05-15.21.28:030][785]LogModuleManager: Shutting down and abandoning module FoliageEdit (658)
[2019.09.05-15.21.28:030][785]LogModuleManager: Shutting down and abandoning module LandscapeEditor (656)
[2019.09.05-15.21.28:031][785]LogModuleManager: Shutting down and abandoning module MeshPaintMode (654)
[2019.09.05-15.21.28:031][785]LogModuleManager: Shutting down and abandoning module SceneDepthPickerMode (652)
[2019.09.05-15.21.28:031][785]LogModuleManager: Shutting down and abandoning module ActorPickerMode (650)
[2019.09.05-15.21.28:031][785]LogModuleManager: Shutting down and abandoning module GeometryMode (648)
[2019.09.05-15.21.28:031][785]LogModuleManager: Shutting down and abandoning module TextureAlignMode (646)
[2019.09.05-15.21.28:031][785]LogModuleManager: Shutting down and abandoning module BspMode (644)
[2019.09.05-15.21.28:031][785]LogModuleManager: Shutting down and abandoning module PIEPreviewDeviceProfileSelector (642)
[2019.09.05-15.21.28:031][785]LogModuleManager: Shutting down and abandoning module SequenceRecorderSections (640)
[2019.09.05-15.21.28:031][785]LogModuleManager: Shutting down and abandoning module AutomationWorker (638)
[2019.09.05-15.21.28:031][785]LogModuleManager: Shutting down and abandoning module DatasmithFBXImporter (636)
[2019.09.05-15.21.28:031][785]LogModuleManager: Shutting down and abandoning module DatasmithDeltaGenImporter (634)
[2019.09.05-15.21.28:031][785]LogModuleManager: Shutting down and abandoning module DatasmithVREDImporter (632)
[2019.09.05-15.21.28:031][785]LogModuleManager: Shutting down and abandoning module AudioCaptureEditor (630)
[2019.09.05-15.21.28:031][785]LogModuleManager: Shutting down and abandoning module MatineeToLevelSequence (628)
[2019.09.05-15.21.28:031][785]LogModuleManager: Shutting down and abandoning module LevelSequenceEditor (626)
[2019.09.05-15.21.28:031][785]LogModuleManager: Shutting down and abandoning module PlacementMode (625)
[2019.09.05-15.21.28:031][785]LogModuleManager: Shutting down and abandoning module MaterialEditor (624)
[2019.09.05-15.21.28:031][785]LogModuleManager: Shutting down and abandoning module ActorSequenceEditor (620)
[2019.09.05-15.21.28:031][785]LogModuleManager: Shutting down and abandoning module WmfMediaFactory (618)
[2019.09.05-15.21.28:031][785]LogModuleManager: Shutting down and abandoning module WmfMediaEditor (616)
[2019.09.05-15.21.28:031][785]LogModuleManager: Shutting down and abandoning module WebMMediaFactory (614)
[2019.09.05-15.21.28:031][785]LogModuleManager: Shutting down and abandoning module WebMMediaEditor (612)
[2019.09.05-15.21.28:031][785]LogModuleManager: Shutting down and abandoning module WebMMedia (610)
[2019.09.05-15.21.28:031][785]LogModuleManager: Shutting down and abandoning module MediaPlayerEditor (608)
[2019.09.05-15.21.28:031][785]LogModuleManager: Shutting down and abandoning module MediaCompositingEditor (606)
[2019.09.05-15.21.28:031][785]LogModuleManager: Shutting down and abandoning module SequenceRecorder (605)
[2019.09.05-15.21.28:031][785]LogModuleManager: Shutting down and abandoning module OpenExrWrapper (602)
[2019.09.05-15.21.28:031][785]LogModuleManager: Shutting down and abandoning module ImgMediaFactory (600)
[2019.09.05-15.21.28:031][785]LogModuleManager: Shutting down and abandoning module ImgMediaEditor (598)
[2019.09.05-15.21.28:032][785]LogModuleManager: Shutting down and abandoning module AvfMediaFactory (596)
[2019.09.05-15.21.28:032][785]LogModuleManager: Shutting down and abandoning module AvfMediaEditor (594)
[2019.09.05-15.21.28:032][785]LogModuleManager: Shutting down and abandoning module AndroidMediaFactory (592)
[2019.09.05-15.21.28:032][785]LogModuleManager: Shutting down and abandoning module AndroidMediaEditor (590)
[2019.09.05-15.21.28:032][785]LogModuleManager: Shutting down and abandoning module MagicLeapCameraPreviewFactory (588)
[2019.09.05-15.21.28:032][785]LogModuleManager: Shutting down and abandoning module MagicLeapMediaCodecFactory (586)
[2019.09.05-15.21.28:032][785]LogModuleManager: Shutting down and abandoning module MagicLeapMediaFactory (584)
[2019.09.05-15.21.28:032][785]LogModuleManager: Shutting down and abandoning module MagicLeapMediaEditor (582)
[2019.09.05-15.21.28:032][785]LogModuleManager: Shutting down and abandoning module CharacterAI (580)
[2019.09.05-15.21.28:032][785]LogModuleManager: Shutting down and abandoning module SmartSnapping (578)
[2019.09.05-15.21.28:032][785]LogModuleManager: Shutting down and abandoning module SessionServices (576)
[2019.09.05-15.21.28:032][785]LogModuleManager: Shutting down and abandoning module MeshPaint (574)
[2019.09.05-15.21.28:032][785]LogModuleManager: Shutting down and abandoning module ViewportSnapping (572)
[2019.09.05-15.21.28:032][785]LogModuleManager: Shutting down and abandoning module ViewportInteraction (570)
[2019.09.05-15.21.28:032][785]LogModuleManager: Shutting down and abandoning module ClothPainter (568)
[2019.09.05-15.21.28:032][785]LogModuleManager: Shutting down and abandoning module SkeletalMeshEditor (567)
[2019.09.05-15.21.28:032][785]LogModuleManager: Shutting down and abandoning module LogVisualizer (564)
[2019.09.05-15.21.28:032][785]LogModuleManager: Shutting down and abandoning module IntroTutorials (562)
[2019.09.05-15.21.28:032][785]LogModuleManager: Shutting down and abandoning module GameProjectGeneration (561)
[2019.09.05-15.21.28:032][785]LogModuleManager: Shutting down and abandoning module LuminPlatformEditor (558)
[2019.09.05-15.21.28:032][785]LogModuleManager: Shutting down and abandoning module IOSPlatformEditor (556)
[2019.09.05-15.21.28:032][785]LogModuleManager: Shutting down and abandoning module HTML5PlatformEditor (554)
[2019.09.05-15.21.28:032][785]LogModuleManager: Shutting down and abandoning module AndroidPlatformEditor (552)
[2019.09.05-15.21.28:032][785]LogModuleManager: Shutting down and abandoning module AndroidDeviceDetection (551)
[2019.09.05-15.21.28:144][785]LogModuleManager: Shutting down and abandoning module WindowsPlatformEditor (548)
[2019.09.05-15.21.28:144][785]LogModuleManager: Shutting down and abandoning module LuminRuntimeSettings (546)
[2019.09.05-15.21.28:144][785]LogModuleManager: Shutting down and abandoning module IOSRuntimeSettings (544)
[2019.09.05-15.21.28:144][785]LogModuleManager: Shutting down and abandoning module AndroidRuntimeSettings (542)
[2019.09.05-15.21.28:144][785]LogModuleManager: Shutting down and abandoning module TimeManagementEditor (540)
[2019.09.05-15.21.28:144][785]LogModuleManager: Shutting down and abandoning module InputBindingEditor (538)
[2019.09.05-15.21.28:144][785]LogModuleManager: Shutting down and abandoning module MergeActors (536)
[2019.09.05-15.21.28:144][785]LogModuleManager: Shutting down and abandoning module LocalizationDashboard (534)
[2019.09.05-15.21.28:144][785]LogModuleManager: Shutting down and abandoning module LocalizationService (533)
[2019.09.05-15.21.28:144][785]LogModuleManager: Shutting down and abandoning module HardwareTargeting (530)
[2019.09.05-15.21.28:144][785]LogModuleManager: Shutting down and abandoning module DeviceProfileEditor (528)
[2019.09.05-15.21.28:144][785]LogModuleManager: Shutting down and abandoning module UndoHistory (526)
[2019.09.05-15.21.28:144][785]LogModuleManager: Shutting down and abandoning module XmlParser (524)
[2019.09.05-15.21.28:144][785]LogModuleManager: Shutting down and abandoning module Blutility (522)
[2019.09.05-15.21.28:144][785]LogModuleManager: Shutting down and abandoning module ProjectSettingsViewer (520)
[2019.09.05-15.21.28:145][785]LogModuleManager: Shutting down and abandoning module ProjectTargetPlatformEditor (519)
[2019.09.05-15.21.28:145][785]LogModuleManager: Shutting down and abandoning module EditorSettingsViewer (516)
[2019.09.05-15.21.28:145][785]LogModuleManager: Shutting down and abandoning module SettingsEditor (514)
[2019.09.05-15.21.28:145][785]LogModuleManager: Shutting down and abandoning module ProjectLauncher (512)
[2019.09.05-15.21.28:145][785]LogModuleManager: Shutting down and abandoning module SessionFrontend (510)
[2019.09.05-15.21.28:145][785]LogModuleManager: Shutting down and abandoning module ProfilerClient (508)
[2019.09.05-15.21.28:145][785]LogModuleManager: Shutting down and abandoning module DeviceManager (506)
[2019.09.05-15.21.28:145][785]LogModuleManager: Shutting down and abandoning module TargetDeviceServices (505)
[2019.09.05-15.21.28:189][785]LogModuleManager: Shutting down and abandoning module AutomationController (502)
[2019.09.05-15.21.28:189][785]LogModuleManager: Shutting down and abandoning module AutomationWindow (500)
[2019.09.05-15.21.28:189][785]LogModuleManager: Shutting down and abandoning module Layers (498)
[2019.09.05-15.21.28:189][785]LogModuleManager: Shutting down and abandoning module ComponentVisualizers (496)
[2019.09.05-15.21.28:189][785]LogModuleManager: Shutting down and abandoning module DetailCustomizations (494)
[2019.09.05-15.21.28:189][785]LogModuleManager: Shutting down and abandoning module PackagesDialog (492)
[2019.09.05-15.21.28:189][785]LogModuleManager: Shutting down and abandoning module AnimationBlueprintEditor (490)
[2019.09.05-15.21.28:189][785]LogModuleManager: Shutting down and abandoning module Persona (488)
[2019.09.05-15.21.28:189][785]LogModuleManager: Shutting down and abandoning module AnimGraph (487)
[2019.09.05-15.21.28:189][785]LogModuleManager: Shutting down and abandoning module Kismet (484)
[2019.09.05-15.21.28:190][785]LogModuleManager: Shutting down and abandoning module GraphEditor (482)
[2019.09.05-15.21.28:190][785]LogModuleManager: Shutting down and abandoning module ClassViewer (480)
[2019.09.05-15.21.28:190][785]LogModuleManager: Shutting down and abandoning module Toolbox (478)
[2019.09.05-15.21.28:190][785]LogModuleManager: Shutting down and abandoning module ModuleUI (476)
[2019.09.05-15.21.28:190][785]LogModuleManager: Shutting down and abandoning module MovieSceneTools (474)
[2019.09.05-15.21.28:191][785]LogModuleManager: Shutting down and abandoning module OutputLog (472)
[2019.09.05-15.21.28:191][785]LogModuleManager: Shutting down and abandoning module GammaUI (470)
[2019.09.05-15.21.28:191][785]LogModuleManager: Shutting down and abandoning module Documentation (468)
[2019.09.05-15.21.28:191][785]LogModuleManager: Shutting down and abandoning module LiveCoding (466)
[2019.09.05-15.21.28:191][785]LogModuleManager: Shutting down and abandoning module LevelSequence (464)
[2019.09.05-15.21.28:191][785]LogModuleManager: Shutting down and abandoning module MovieSceneTracks (462)
[2019.09.05-15.21.28:191][785]LogModuleManager: Shutting down and abandoning module MovieScene (460)
[2019.09.05-15.21.28:191][785]LogModuleManager: Shutting down and abandoning module StreamingPauseRendering (458)
[2019.09.05-15.21.28:191][785]LogModuleManager: Shutting down and abandoning module LauncherPlatform (456)
[2019.09.05-15.21.28:191][785]LogModuleManager: Shutting down and abandoning module AnalyticsET (454)
[2019.09.05-15.21.28:191][785]LogModuleManager: Shutting down and abandoning module PortalServices (452)
[2019.09.05-15.21.28:191][785]LogModuleManager: Shutting down and abandoning module PortalRpc (450)
[2019.09.05-15.21.28:191][785]LogModuleManager: Shutting down and abandoning module MessagingRpc (448)
[2019.09.05-15.21.28:191][785]LogModuleManager: Shutting down and abandoning module AIModule (446)
[2019.09.05-15.21.28:191][785]LogModuleManager: Shutting down and abandoning module GameplayDebugger (445)
[2019.09.05-15.21.28:191][785]LogModuleManager: Shutting down and abandoning module AITestSuite (443)
[2019.09.05-15.21.28:191][785]LogModuleManager: Shutting down and abandoning module NavigationSystem (441)
[2019.09.05-15.21.28:191][785]LogModuleManager: Shutting down and abandoning module DesktopPlatform (438)
[2019.09.05-15.21.28:191][785]LogModuleManager: Shutting down and abandoning module ImageWriteQueue (436)
[2019.09.05-15.21.28:195][785]LogModuleManager: Shutting down and abandoning module ProfilerService (434)
[2019.09.05-15.21.28:363][785]LogModuleManager: Shutting down and abandoning module TaskGraph (432)
[2019.09.05-15.21.28:363][785]LogModuleManager: Shutting down and abandoning module DatasmithCADImporter (430)
[2019.09.05-15.21.28:389][785]LogModuleManager: Shutting down and abandoning module VariantManager (428)
[2019.09.05-15.21.28:390][785]LogModuleManager: Shutting down and abandoning module StaticMeshEditorExtension (426)
[2019.09.05-15.21.28:390][785]LogModuleManager: Shutting down and abandoning module StaticMeshEditor (425)
[2019.09.05-15.21.28:390][785]LogModuleManager: Shutting down and abandoning module AdvancedPreviewScene (424)
[2019.09.05-15.21.28:390][785]LogModuleManager: Shutting down and abandoning module MeshProcessingLibrary (421)
[2019.09.05-15.21.28:390][785]LogModuleManager: Shutting down and abandoning module MDLImporter (418)
[2019.09.05-15.21.28:390][785]LogModuleManager: Shutting down and abandoning module DatasmithGLTFImporter (416)
[2019.09.05-15.21.28:390][785]LogModuleManager: Shutting down and abandoning module DatasmithImporter (415)
[2019.09.05-15.21.28:391][785]LogModuleManager: Shutting down and abandoning module DatasmithDataPrepLibraries (412)
[2019.09.05-15.21.28:391][785]LogModuleManager: Shutting down and abandoning module DatasmithDataPrepEditor (410)
[2019.09.05-15.21.28:391][785]LogModuleManager: Shutting down and abandoning module ProceduralMeshComponentEditor (408)
[2019.09.05-15.21.28:391][785]LogModuleManager: Shutting down and abandoning module ProceduralMeshComponent (406)
[2019.09.05-15.21.28:391][785]LogModuleManager: Shutting down and abandoning module MobilePatchingUtils (404)
[2019.09.05-15.21.28:391][785]LogModuleManager: Shutting down and abandoning module EditableMesh (402)
[2019.09.05-15.21.28:391][785]LogModuleManager: Shutting down and abandoning module CustomMeshComponent (400)
[2019.09.05-15.21.28:391][785]LogModuleManager: Shutting down and abandoning module CableComponent (398)
[2019.09.05-15.21.28:391][785]LogModuleManager: Shutting down and abandoning module AudioCapture (396)
[2019.09.05-15.21.28:391][785]LogModuleManager: Shutting down and abandoning module ArchVisCharacter (394)
[2019.09.05-15.21.28:391][785]LogModuleManager: Shutting down and abandoning module AndroidPermission (392)
[2019.09.05-15.21.28:392][785]LogModuleManager: Shutting down and abandoning module NUTUnrealEngine4 (390)
[2019.09.05-15.21.28:392][785]LogModuleManager: Shutting down and abandoning module NetcodeUnitTest (388)
[2019.09.05-15.21.28:392][785]LogModuleManager: Shutting down and abandoning module MediaCompositing (386)
[2019.09.05-15.21.28:392][785]LogModuleManager: Shutting down and abandoning module LinearTimecode (384)
[2019.09.05-15.21.28:392][785]LogModuleManager: Shutting down and abandoning module ImgMedia (382)
[2019.09.05-15.21.28:392][785]LogModuleManager: Shutting down and abandoning module MagicLeapHelperVulkan (380)
[2019.09.05-15.21.28:392][785]LogModuleManager: Shutting down and abandoning module MagicLeapHelperOpenGL (378)
[2019.09.05-15.21.28:392][785]LogModuleManager: Shutting down and abandoning module MagicLeapAudio (376)
[2019.09.05-15.21.28:392][785]LogModuleManager: Shutting down and abandoning module HTML5Networking (374)
[2019.09.05-15.21.28:392][785]LogModuleManager: Shutting down and abandoning module GeometryCollectionEditor (372)
[2019.09.05-15.21.28:392][785]LogModuleManager: Shutting down and abandoning module GeometryCollectionExampleCore (370)
[2019.09.05-15.21.28:392][785]LogModuleManager: Shutting down and abandoning module GeometryCacheTracks (368)
[2019.09.05-15.21.28:392][785]LogModuleManager: Shutting down and abandoning module GeometryCacheSequencer (366)
[2019.09.05-15.21.28:392][785]LogModuleManager: Shutting down and abandoning module ChaosSolverEditor (364)
[2019.09.05-15.21.28:392][785]LogModuleManager: Shutting down and abandoning module BlastAuthoring (362)
[2019.09.05-15.21.28:392][785]LogModuleManager: Shutting down and abandoning module BackChannel (360)
[2019.09.05-15.21.28:392][785]LogModuleManager: Shutting down and abandoning module AppleVision (358)
[2019.09.05-15.21.28:392][785]LogModuleManager: Shutting down and abandoning module AppleImageUtilsBlueprintSupport (356)
[2019.09.05-15.21.28:392][785]LogModuleManager: Shutting down and abandoning module AppleImageUtils (354)
[2019.09.05-15.21.28:392][785]LogModuleManager: Shutting down and abandoning module AlembicImporter (352)
[2019.09.05-15.21.28:392][785]LogModuleManager: Shutting down and abandoning module AlembicLibrary (351)
[2019.09.05-15.21.28:392][785]LogModuleManager: Shutting down and abandoning module GeometryCache (350)
[2019.09.05-15.21.28:392][785]LogModuleManager: Shutting down and abandoning module GeometryCacheEd (349)
[2019.09.05-15.21.28:392][785]LogModuleManager: Shutting down and abandoning module VariantManagerContent (344)
[2019.09.05-15.21.28:392][785]LogModuleManager: Shutting down and abandoning module DatasmithContentEditor (342)
[2019.09.05-15.21.28:392][785]LogModuleManager: Shutting down and abandoning module SpeedTreeImporter (340)
[2019.09.05-15.21.28:392][785]LogModuleManager: Shutting down and abandoning module PluginBrowser (338)
[2019.09.05-15.21.28:392][785]LogModuleManager: Shutting down and abandoning module MobileLauncherProfileWizard (336)
[2019.09.05-15.21.28:392][785]LogModuleManager: Shutting down and abandoning module PolygonModeling (334)
[2019.09.05-15.21.28:392][785]LogModuleManager: Shutting down and abandoning module MeshEditor (332)
[2019.09.05-15.21.28:392][785]LogModuleManager: Shutting down and abandoning module MaterialAnalyzer (330)
[2019.09.05-15.21.28:392][785]LogModuleManager: Shutting down and abandoning module GLTFImporter (328)
[2019.09.05-15.21.28:392][785]LogModuleManager: Shutting down and abandoning module EditorScriptingUtilities (326)
[2019.09.05-15.21.28:392][785]LogModuleManager: Shutting down and abandoning module CryptoKeysOpenSSL (324)
[2019.09.05-15.21.28:392][785]LogModuleManager: Shutting down and abandoning module CryptoKeys (322)
[2019.09.05-15.21.28:393][785]LogModuleManager: Shutting down and abandoning module VisualStudioSourceCodeAccess (320)
[2019.09.05-15.21.28:393][785]LogModuleManager: Shutting down and abandoning module VisualStudioCodeSourceCodeAccess (318)
[2019.09.05-15.21.28:393][785]LogModuleManager: Shutting down and abandoning module UObjectPlugin (316)
[2019.09.05-15.21.28:393][785]LogModuleManager: Shutting down and abandoning module SubversionSourceControl (314)
[2019.09.05-15.21.28:393][785]LogModuleManager: Shutting down and abandoning module PerforceSourceControl (312)
[2019.09.05-15.21.28:393][785]LogModuleManager: Shutting down and abandoning module GitSourceControl (310)
[2019.09.05-15.21.28:393][785]LogModuleManager: Shutting down and abandoning module SourceControl (309)
[2019.09.05-15.21.28:393][785]LogModuleManager: Shutting down and abandoning module CLionSourceCodeAccess (306)
[2019.09.05-15.21.28:393][785]LogModuleManager: Shutting down and abandoning module AnimationSharingEd (304)
[2019.09.05-15.21.28:393][785]LogModuleManager: Shutting down and abandoning module ActorLayerUtilitiesEditor (302)
[2019.09.05-15.21.28:393][785]LogModuleManager: Shutting down and abandoning module ActorLayerUtilities (300)
[2019.09.05-15.21.28:393][785]LogModuleManager: Shutting down and abandoning module LightPropagationVolumeEditor (298)
[2019.09.05-15.21.28:393][785]LogModuleManager: Shutting down and abandoning module PaperTiledImporter (296)
[2019.09.05-15.21.28:393][785]LogModuleManager: Shutting down and abandoning module PaperSpriteSheetImporter (294)
[2019.09.05-15.21.28:393][785]LogModuleManager: Shutting down and abandoning module Paper2DEditor (292)
[2019.09.05-15.21.28:393][785]LogModuleManager: Shutting down and abandoning module SignificanceManager (290)
[2019.09.05-15.21.28:393][785]LogModuleManager: Shutting down and abandoning module RuntimePhysXCooking (288)
[2019.09.05-15.21.28:393][785]LogModuleManager: Shutting down and abandoning module PhysXVehiclesEditor (286)
[2019.09.05-15.21.28:393][785]LogModuleManager: Shutting down and abandoning module PhysXVehicles (284)
[2019.09.05-15.21.28:393][785]LogModuleManager: Shutting down and abandoning module LocationServicesBPLibrary (282)
[2019.09.05-15.21.28:393][785]LogModuleManager: Shutting down and abandoning module ActorSequence (280)
[2019.09.05-15.21.28:393][785]LogModuleManager: Shutting down and abandoning module UdpMessaging (278)
[2019.09.05-15.21.28:495][785]LogModuleManager: Shutting down and abandoning module TcpMessaging (276)
[2019.09.05-15.21.28:596][785]LogModuleManager: Shutting down and abandoning module MagicLeapIdentity (274)
[2019.09.05-15.21.28:596][785]LogModuleManager: Shutting down and abandoning module MagicLeapSecureStorage (272)
[2019.09.05-15.21.28:596][785]LogModuleManager: Shutting down and abandoning module MagicLeapHandTracking (270)
[2019.09.05-15.21.28:596][785]LogModuleManager: Shutting down and abandoning module MagicLeapEyeTracker (268)
[2019.09.05-15.21.28:596][785]LogModuleManager: Shutting down and abandoning module MagicLeapController (266)
[2019.09.05-15.21.28:596][785]LogSlate: Slate User Destroyed.  User Index 0, Is Virtual User: 0
[2019.09.05-15.21.28:596][785]LogModuleManager: Shutting down and abandoning module MagicLeapAR (264)
[2019.09.05-15.21.28:596][785]LogModuleManager: Shutting down and abandoning module AugmentedReality (263)
[2019.09.05-15.21.28:596][785]LogModuleManager: Shutting down and abandoning module GameplayTagsEditor (260)
[2019.09.05-15.21.28:596][785]LogModuleManager: Shutting down and abandoning module FacialAnimationEditor (258)
[2019.09.05-15.21.28:596][785]LogModuleManager: Shutting down and abandoning module FacialAnimation (256)
[2019.09.05-15.21.28:596][785]LogModuleManager: Shutting down and abandoning module DataValidation (254)
[2019.09.05-15.21.28:596][785]LogModuleManager: Shutting down and abandoning module AssetManagerEditor (252)
[2019.09.05-15.21.28:596][785]LogModuleManager: Shutting down and abandoning module LevelEditor (251)
[2019.09.05-15.21.28:597][785]LogModuleManager: Shutting down and abandoning module PixelInspectorModule (250)
[2019.09.05-15.21.28:597][785]LogModuleManager: Shutting down and abandoning module CommonMenuExtensions (248)
[2019.09.05-15.21.28:597][785]LogModuleManager: Shutting down and abandoning module MainFrame (246)
[2019.09.05-15.21.28:597][785]LogModuleManager: Shutting down and abandoning module HotReload (245)
[2019.09.05-15.21.28:599][785]LogModuleManager: Shutting down and abandoning module ContentBrowser (241)
[2019.09.05-15.21.28:611][785]LogModuleManager: Shutting down and abandoning module TreeMap (239)
[2019.09.05-15.21.28:611][785]LogModuleManager: Shutting down and abandoning module AnimationSharing (236)
[2019.09.05-15.21.28:612][785]LogModuleManager: Shutting down and abandoning module LightPropagationVolumeRuntime (234)
[2019.09.05-15.21.28:612][785]LogModuleManager: Shutting down and abandoning module AISupportModule (232)
[2019.09.05-15.21.28:612][785]LogModuleManager: Shutting down and abandoning module Paper2D (230)
[2019.09.05-15.21.28:612][785]LogModuleManager: Shutting down and abandoning module WindowsMoviePlayer (228)
[2019.09.05-15.21.28:612][785]LogModuleManager: Shutting down and abandoning module WebMMoviePlayer (226)
[2019.09.05-15.21.28:612][785]LogModuleManager: Shutting down and abandoning module PacketHandler (224)
[2019.09.05-15.21.28:612][785]LogModuleManager: Shutting down and abandoning module ClothingSystemEditor (222)
[2019.09.05-15.21.28:612][785]LogModuleManager: Shutting down and abandoning module ClothingSystemRuntime (220)
[2019.09.05-15.21.28:612][785]LogModuleManager: Shutting down and abandoning module MediaAssets (218)
[2019.09.05-15.21.28:612][785]LogModuleManager: Shutting down and abandoning module Overlay (216)
[2019.09.05-15.21.28:612][785]LogModuleManager: Shutting down and abandoning module OverlayEditor (215)
[2019.09.05-15.21.28:612][785]LogModuleManager: Shutting down and abandoning module VREditor (212)
[2019.09.05-15.21.28:612][785]LogModuleManager: Shutting down and abandoning module StringTableEditor (210)
[2019.09.05-15.21.28:612][785]LogModuleManager: Shutting down and abandoning module GameplayTasksEditor (208)
[2019.09.05-15.21.28:612][785]LogModuleManager: Shutting down and abandoning module BehaviorTreeEditor (206)
[2019.09.05-15.21.28:612][785]LogModuleManager: Shutting down and abandoning module FunctionalTesting (204)
[2019.09.05-15.21.28:612][785]LogModuleManager: Shutting down and abandoning module CollisionAnalyzer (202)
[2019.09.05-15.21.28:612][785]LogModuleManager: Shutting down and abandoning module WorkspaceMenuStructure (201)
[2019.09.05-15.21.28:615][785]LogModuleManager: Shutting down and abandoning module UMG (198)
[2019.09.05-15.21.28:615][785]LogModuleManager: Shutting down and abandoning module UMGEditor (197)
[2019.09.05-15.21.28:615][785]LogModuleManager: Shutting down and abandoning module Sequencer (196)
[2019.09.05-15.21.28:615][785]LogModuleManager: Shutting down and abandoning module MessageLog (193)
[2019.09.05-15.21.28:615][785]LogModuleManager: Shutting down and abandoning module SlateReflector (188)
[2019.09.05-15.21.28:615][785]LogModuleManager: Shutting down and abandoning module Slate (186)
[2019.09.05-15.21.28:615][785]LogModuleManager: Shutting down and abandoning module EditorStyle (184)
[2019.09.05-15.21.28:624][785]LogModuleManager: Shutting down and abandoning module UnrealEd (182)
[2019.09.05-15.21.28:624][785]LogModuleManager: Shutting down and abandoning module MRMesh (180)
[2019.09.05-15.21.28:624][785]LogModuleManager: Shutting down and abandoning module SourceCodeAccess (178)
[2019.09.05-15.21.28:624][785]LogModuleManager: Shutting down and abandoning module HeadMountedDisplay (176)
[2019.09.05-15.21.28:624][785]LogModuleManager: Shutting down and abandoning module XAudio2 (174)
[2019.09.05-15.21.28:624][785]LogModuleManager: Shutting down and abandoning module Networking (172)
[2019.09.05-15.21.28:624][785]LogModuleManager: Shutting down and abandoning module Core (170)
[2019.09.05-15.21.28:624][785]LogModuleManager: Shutting down and abandoning module KismetCompiler (168)
[2019.09.05-15.21.28:624][785]LogModuleManager: Shutting down and abandoning module MeshUtilities (166)
[2019.09.05-15.21.28:624][785]LogModuleManager: Shutting down and abandoning module MeshMergeUtilities (165)
[2019.09.05-15.21.28:624][785]LogModuleManager: Shutting down and abandoning module MeshReductionInterface (164)
[2019.09.05-15.21.28:624][785]LogModuleManager: Shutting down and abandoning module SkeletalMeshReduction (163)
[2019.09.05-15.21.28:624][785]LogModuleManager: Shutting down and abandoning module ProxyLODMeshReduction (161)
[2019.09.05-15.21.28:624][785]LogModuleManager: Shutting down and abandoning module QuadricMeshReduction (159)
[2019.09.05-15.21.28:624][785]LogModuleManager: Shutting down and abandoning module MaterialBaking (155)
[2019.09.05-15.21.28:624][785]LogModuleManager: Shutting down and abandoning module DerivedDataCache (150)
[2019.09.05-15.21.28:656][785]LogDerivedDataCache: Shutdown
[2019.09.05-15.21.28:656][785]LogModuleManager: Shutting down and abandoning module XGEController (148)
[2019.09.05-15.21.28:656][785]LogXGEController: Cleaning working directory: C:/Users/kingw/AppData/Local/Temp/UnrealXGEWorkingDir/
[2019.09.05-15.21.28:656][785]LogModuleManager: Shutting down and abandoning module TargetPlatform (146)
[2019.09.05-15.21.28:656][785]LogModuleManager: Shutting down and abandoning module VulkanShaderFormat (145)
[2019.09.05-15.21.28:656][785]LogModuleManager: Shutting down and abandoning module ShaderFormatVectorVM (143)
[2019.09.05-15.21.28:656][785]LogModuleManager: Shutting down and abandoning module ShaderFormatOpenGL (141)
[2019.09.05-15.21.28:656][785]LogModuleManager: Shutting down and abandoning module ShaderFormatD3D (139)
[2019.09.05-15.21.28:656][785]LogModuleManager: Shutting down and abandoning module MetalShaderFormat (137)
[2019.09.05-15.21.28:656][785]LogModuleManager: Shutting down and abandoning module TextureFormatUncompressed (135)
[2019.09.05-15.21.28:656][785]LogModuleManager: Shutting down and abandoning module TextureFormatPVR (133)
[2019.09.05-15.21.28:656][785]LogModuleManager: Shutting down and abandoning module TextureFormatDXT (131)
[2019.09.05-15.21.28:656][785]LogModuleManager: Shutting down and abandoning module TextureFormatIntelISPCTexComp (129)
[2019.09.05-15.21.28:657][785]LogModuleManager: Shutting down and abandoning module TextureFormatASTC (127)
[2019.09.05-15.21.28:657][785]LogModuleManager: Shutting down and abandoning module ImageWrapper (126)
[2019.09.05-15.21.28:657][785]LogModuleManager: Shutting down and abandoning module TextureFormatAndroid (123)
[2019.09.05-15.21.28:657][785]LogModuleManager: Shutting down and abandoning module AudioFormatOpus (121)
[2019.09.05-15.21.28:657][785]LogModuleManager: Shutting down and abandoning module AudioFormatOgg (119)
[2019.09.05-15.21.28:657][785]LogModuleManager: Shutting down and abandoning module AudioFormatADPCM (117)
[2019.09.05-15.21.28:657][785]LogModuleManager: Shutting down and abandoning module LuminTargetPlatform (115)
[2019.09.05-15.21.28:658][785]LogModuleManager: Shutting down and abandoning module LinuxTargetPlatform (113)
[2019.09.05-15.21.28:658][785]LogModuleManager: Shutting down and abandoning module LinuxServerTargetPlatform (111)
[2019.09.05-15.21.28:658][785]LogModuleManager: Shutting down and abandoning module LinuxNoEditorTargetPlatform (109)
[2019.09.05-15.21.28:658][785]LogModuleManager: Shutting down and abandoning module LinuxClientTargetPlatform (107)
[2019.09.05-15.21.28:658][785]LogModuleManager: Shutting down and abandoning module TVOSTargetPlatform (105)
[2019.09.05-15.21.28:660][785]LogModuleManager: Shutting down and abandoning module Messaging (103)
[2019.09.05-15.21.28:660][785]LogModuleManager: Shutting down and abandoning module IOSTargetPlatform (101)
[2019.09.05-15.21.28:661][785]LogModuleManager: Shutting down and abandoning module HTML5TargetPlatform (99)
[2019.09.05-15.21.28:661][785]LogModuleManager: Shutting down and abandoning module AndroidTargetPlatform (97)
[2019.09.05-15.21.28:673][785]LogModuleManager: Shutting down and abandoning module WindowsTargetPlatform (95)
[2019.09.05-15.21.28:673][785]LogModuleManager: Shutting down and abandoning module WindowsServerTargetPlatform (93)
[2019.09.05-15.21.28:673][785]LogModuleManager: Shutting down and abandoning module WindowsNoEditorTargetPlatform (91)
[2019.09.05-15.21.28:673][785]LogModuleManager: Shutting down and abandoning module WindowsClientTargetPlatform (89)
[2019.09.05-15.21.28:673][785]LogModuleManager: Shutting down and abandoning module MacTargetPlatform (87)
[2019.09.05-15.21.28:673][785]LogModuleManager: Shutting down and abandoning module MacServerTargetPlatform (85)
[2019.09.05-15.21.28:673][785]LogModuleManager: Shutting down and abandoning module MacNoEditorTargetPlatform (83)
[2019.09.05-15.21.28:673][785]LogModuleManager: Shutting down and abandoning module MacClientTargetPlatform (81)
[2019.09.05-15.21.28:673][785]LogModuleManager: Shutting down and abandoning module AllDesktopTargetPlatform (79)
[2019.09.05-15.21.28:673][785]LogModuleManager: Shutting down and abandoning module InputCore (76)
[2019.09.05-15.21.28:673][785]LogModuleManager: Shutting down and abandoning module Settings (74)
[2019.09.05-15.21.28:673][785]LogModuleManager: Shutting down and abandoning module DirectoryWatcher (72)
[2019.09.05-15.21.28:673][785]LogModuleManager: Shutting down and abandoning module PhysXCooking (70)
[2019.09.05-15.21.28:673][785]LogModuleManager: Shutting down and abandoning module ExampleDeviceProfileSelector (68)
[2019.09.05-15.21.28:673][785]LogModuleManager: Shutting down and abandoning module LauncherChunkInstaller (66)
[2019.09.05-15.21.28:673][785]LogModuleManager: Shutting down and abandoning module OnlineBlueprintSupport (64)
[2019.09.05-15.21.28:674][785]LogModuleManager: Shutting down and abandoning module OnlineSubsystem (60)
[2019.09.05-15.21.28:675][785]LogModuleManager: Shutting down and abandoning module XMPP (55)
[2019.09.05-15.21.28:675][785]LogModuleManager: Shutting down and abandoning module WebSockets (54)
[2019.09.05-15.21.28:709][785]LogModuleManager: Shutting down and abandoning module HTTP (51)
[2019.09.05-15.21.28:709][785]LogHttp: Display: Http module shutting down, but needs to wait on 1 outstanding Http requests:
[2019.09.05-15.21.28:709][785]LogHttp: Display: 	verb=[POST] url=[https://datarouter.ol.epicgames.com/datarouter/api/v1/public/data?SessionID=%7BC1AF948A-4388-3FFF-F0C7-129D36F7BD9C%7D&AppID=UEEditor.Rocket.Release&AppVersion=4.22.3-7053642%2B%2B%2BUE4%2BRelease-4.22&UserID=580144b44e2198be714b72b87c26e6b0%7C527a58163b7f46c2907719585f422cb1%7C7df650a5-19d5-45d9-8409-d917267140ce&AppEnvironment=datacollector-binary&UploadType=eteventstream] status=Processing
[2019.09.05-15.21.28:722][785]LogModuleManager: Shutting down and abandoning module SSL (50)
[2019.09.05-15.21.28:723][785]LogModuleManager: Shutting down and abandoning module WmfMedia (46)
[2019.09.05-15.21.28:725][785]LogModuleManager: Shutting down and abandoning module Media (45)
[2019.09.05-15.21.28:731][785]LogModuleManager: Shutting down and abandoning module MagicLeap (42)
[2019.09.05-15.21.28:731][785]LogModuleManager: Shutting down and abandoning module DatasmithContent (40)
[2019.09.05-15.21.28:732][785]LogModuleManager: Shutting down and abandoning module AnimationModifiers (38)
[2019.09.05-15.21.28:732][785]LogModuleManager: Shutting down and abandoning module PropertyEditor (37)
[2019.09.05-15.21.28:732][785]LogModuleManager: Shutting down and abandoning module AudioEditor (34)
[2019.09.05-15.21.28:732][785]LogModuleManager: Shutting down and abandoning module TextureCompressor (32)
[2019.09.05-15.21.28:732][785]LogModuleManager: Shutting down and abandoning module RenderCore (30)
[2019.09.05-15.21.28:732][785]LogModuleManager: Shutting down and abandoning module Landscape (28)
[2019.09.05-15.21.28:732][785]LogModuleManager: Shutting down and abandoning module SlateRHIRenderer (26)
[2019.09.05-15.21.28:736][785]LogModuleManager: Shutting down and abandoning module OpenGLDrv (24)
[2019.09.05-15.21.28:736][785]LogModuleManager: Shutting down and abandoning module D3D11RHI (22)
[2019.09.05-15.21.28:736][785]LogModuleManager: Shutting down and abandoning module AnimGraphRuntime (20)
[2019.09.05-15.21.28:736][785]LogModuleManager: Shutting down and abandoning module Renderer (18)
[2019.09.05-15.21.28:736][785]LogModuleManager: Shutting down and abandoning module Engine (16)
[2019.09.05-15.21.28:736][785]LogModuleManager: Shutting down and abandoning module CoreUObject (14)
[2019.09.05-15.21.28:736][785]LogModuleManager: Shutting down and abandoning module NetworkFile (12)
[2019.09.05-15.21.28:736][785]LogModuleManager: Shutting down and abandoning module CookedIterativeFile (10)
[2019.09.05-15.21.28:736][785]LogModuleManager: Shutting down and abandoning module StreamingFile (8)
[2019.09.05-15.21.28:736][785]LogModuleManager: Shutting down and abandoning module SandboxFile (6)
[2019.09.05-15.21.28:736][785]LogModuleManager: Shutting down and abandoning module PakFile (4)
[2019.09.05-15.21.28:736][785]LogModuleManager: Shutting down and abandoning module RSA (3)
[2019.09.05-15.21.28:745][785]LogExit: Exiting.
[2019.09.05-15.21.28:793][785]Log file closed, 09/06/19 00:21:28
